This file contains any messages produced by compilers while
running configure, to aid debugging if configure makes a mistake.

It was created by configure, which was
generated by GNU Autoconf 2.61.  Invocation command line was

  $ ./configure --prefix=/home/pgaraud/pfs/PADDI_10.1_dist/stuff_needed

## --------- ##
## Platform. ##
## --------- ##

hostname = hyades.ucsc.edu
uname -m = x86_64
uname -r = 2.6.32-279.19.1.el6.x86_64
uname -s = Linux
uname -v = #1 SMP Wed Dec 19 07:05:20 UTC 2012

/usr/bin/uname -p = unknown
/bin/uname -X     = unknown

/bin/arch              = x86_64
/usr/bin/arch -k       = unknown
/usr/convex/getsysinfo = unknown
/usr/bin/hostinfo      = unknown
/bin/machine           = unknown
/usr/bin/oslevel       = unknown
/bin/universe          = unknown

PATH: /opt/intel/composer_xe_2013.1.117/bin/intel64
PATH: /opt/intel/composer_xe_2013.1.117/bin/intel64_mic
PATH: /opt/intel/composer_xe_2013.1.117/debugger/gui/intel64
PATH: /opt/intel/impi/4.1.0.024/intel64/bin
PATH: /usr/lib64/qt-3.3/bin
PATH: /usr/local/bin
PATH: /bin
PATH: /usr/bin
PATH: /usr/local/sbin
PATH: /usr/sbin
PATH: /sbin
PATH: /opt/eclipse
PATH: /opt/ganglia/bin
PATH: /opt/ganglia/sbin
PATH: /usr/java/latest/bin
PATH: /opt/maven/bin
PATH: /opt/maui/bin
PATH: /opt/torque/bin
PATH: /opt/torque/sbin
PATH: /opt/pdsh/bin
PATH: /opt/rocks/bin
PATH: /opt/rocks/sbin
PATH: /home/pgaraud/bin


## ----------- ##
## Core tests. ##
## ----------- ##

configure:1741: checking for top-level source-directory
configure:1744: result: /home/pgaraud/pfs/PADDI_10.1_dist/stuff_needed/lib_src/parallel-netcdf-1.2.0
configure:1900: checking for gcc
configure:1927: result: icc
configure:2165: checking for C compiler version
configure:2172: icc --version >&5
icc (ICC) 13.0.1 20121010
Copyright (C) 1985-2012 Intel Corporation.  All rights reserved.

configure:2175: $? = 0
configure:2182: icc -v >&5
icc version 13.0.1 (gcc version 4.4.6 compatibility)
configure:2185: $? = 0
configure:2192: icc -V >&5
Intel(R) C Intel(R) 64 Compiler XE for applications running on Intel(R) 64, Version 13.0.1.117 Build 20121010
Copyright (C) 1985-2012 Intel Corporation.  All rights reserved.

configure:2195: $? = 0
configure:2218: checking for C compiler default output file name
configure:2245: icc -O3 -xAVX  -xT conftest.c  >&5
icc: command line remark #10279: option '-xT' is deprecated and will be removed in a future release. See '-help deprecated'
icc: command line warning #10121: overriding '-xAVX' with '-xT'
configure:2248: $? = 0
configure:2286: result: a.out
configure:2303: checking whether the C compiler works
configure:2313: ./a.out
configure:2316: $? = 0
configure:2333: result: yes
configure:2340: checking whether we are cross compiling
configure:2342: result: no
configure:2345: checking for suffix of executables
configure:2352: icc -o conftest -O3 -xAVX  -xT conftest.c  >&5
icc: command line remark #10279: option '-xT' is deprecated and will be removed in a future release. See '-help deprecated'
icc: command line warning #10121: overriding '-xAVX' with '-xT'
configure:2355: $? = 0
configure:2379: result: 
configure:2385: checking for suffix of object files
configure:2411: icc -c -O3 -xAVX  conftest.c >&5
configure:2414: $? = 0
configure:2437: result: o
configure:2441: checking whether we are using the GNU C compiler
configure:2470: icc -c -O3 -xAVX  conftest.c >&5
configure:2476: $? = 0
configure:2493: result: yes
configure:2498: checking whether icc accepts -g
configure:2528: icc -c -g  conftest.c >&5
configure:2534: $? = 0
configure:2633: result: yes
configure:2650: checking for icc option to accept ISO C89
configure:2724: icc  -c -O3 -xAVX  conftest.c >&5
configure:2730: $? = 0
configure:2753: result: none needed
configure:2777: checking how to run the C preprocessor
configure:2817: icc -E  conftest.c
configure:2823: $? = 0
configure:2854: icc -E  conftest.c
conftest.c(13): error #2379: cannot open source file "ac_nonexistent.h"
  #include <ac_nonexistent.h>
                             ^

configure:2860: $? = 2
configure: failed program was:
| /* confdefs.h.  */
| #define PACKAGE_NAME ""
| #define PACKAGE_TARNAME ""
| #define PACKAGE_VERSION ""
| #define PACKAGE_STRING ""
| #define PACKAGE_BUGREPORT ""
| #define PNETCDF_VERSION_MAJOR 1
| #define PNETCDF_VERSION_MINOR 2
| #define PNETCDF_VERSION_SUB 0
| #define PNETCDF_VERSION_PRE 
| #define PNETCDF_VERSION "1.2.0"
| /* end confdefs.h.  */
| #include <ac_nonexistent.h>
configure:2893: result: icc -E
configure:2922: icc -E  conftest.c
configure:2928: $? = 0
configure:2959: icc -E  conftest.c
conftest.c(13): error #2379: cannot open source file "ac_nonexistent.h"
  #include <ac_nonexistent.h>
                             ^

configure:2965: $? = 2
configure: failed program was:
| /* confdefs.h.  */
| #define PACKAGE_NAME ""
| #define PACKAGE_TARNAME ""
| #define PACKAGE_VERSION ""
| #define PACKAGE_STRING ""
| #define PACKAGE_BUGREPORT ""
| #define PNETCDF_VERSION_MAJOR 1
| #define PNETCDF_VERSION_MINOR 2
| #define PNETCDF_VERSION_SUB 0
| #define PNETCDF_VERSION_PRE 
| #define PNETCDF_VERSION "1.2.0"
| /* end confdefs.h.  */
| #include <ac_nonexistent.h>
configure:3003: checking for grep that handles long lines and -e
configure:3077: result: /bin/grep
configure:3082: checking for egrep
configure:3160: result: /bin/grep -E
configure:3165: checking for ANSI C header files
configure:3195: icc -c -O3 -xAVX  conftest.c >&5
configure:3201: $? = 0
configure:3300: icc -o conftest -O3 -xAVX  -xT conftest.c  >&5
icc: command line remark #10279: option '-xT' is deprecated and will be removed in a future release. See '-help deprecated'
icc: command line warning #10121: overriding '-xAVX' with '-xT'
configure:3303: $? = 0
configure:3309: ./conftest
configure:3312: $? = 0
configure:3329: result: yes
configure:3372: checking for a BSD-compatible install
configure:3428: result: /usr/bin/install -c
configure:3443: checking for bison
configure:3459: found /usr/bin/bison
configure:3470: result: bison -y
configure:3486: checking for flex
configure:3502: found /usr/bin/flex
configure:3513: result: flex
configure:3550: flex conftest.l
configure:3553: $? = 0
configure:3555: checking lex output file root
configure:3571: result: lex.yy
configure:3576: checking lex library
configure:3595: icc -o conftest -O3 -xAVX  -xT conftest.c   >&5
icc: command line remark #10279: option '-xT' is deprecated and will be removed in a future release. See '-help deprecated'
icc: command line warning #10121: overriding '-xAVX' with '-xT'
/tmp/icccLYUXE.o: In function `main':
conftest.c:(.text+0x2d5): undefined reference to `yywrap'
conftest.c:(.text+0x562): undefined reference to `yywrap'
conftest.c:(.text+0x93b): undefined reference to `yywrap'
/tmp/icccLYUXE.o: In function `yylex':
conftest.c:(.text+0x1148): undefined reference to `yywrap'
conftest.c:(.text+0x1519): undefined reference to `yywrap'
/tmp/icccLYUXE.o:conftest.c:(.text+0x1885): more undefined references to `yywrap' follow
configure:3601: $? = 1
configure: failed program was:
| 
| #line 3 "lex.yy.c"
| 
| #define  YY_INT_ALIGNED short int
| 
| /* A lexical scanner generated by flex */
| 
| #define FLEX_SCANNER
| #define YY_FLEX_MAJOR_VERSION 2
| #define YY_FLEX_MINOR_VERSION 5
| #define YY_FLEX_SUBMINOR_VERSION 35
| #if YY_FLEX_SUBMINOR_VERSION > 0
| #define FLEX_BETA
| #endif
| 
| /* First, we deal with  platform-specific or compiler-specific issues. */
| 
| /* begin standard C headers. */
| #include <stdio.h>
| #include <string.h>
| #include <errno.h>
| #include <stdlib.h>
| 
| /* end standard C headers. */
| 
| /* flex integer type definitions */
| 
| #ifndef FLEXINT_H
| #define FLEXINT_H
| 
| /* C99 systems have <inttypes.h>. Non-C99 systems may or may not. */
| 
| #if defined (__STDC_VERSION__) && __STDC_VERSION__ >= 199901L
| 
| /* C99 says to define __STDC_LIMIT_MACROS before including stdint.h,
|  * if you want the limit (max/min) macros for int types. 
|  */
| #ifndef __STDC_LIMIT_MACROS
| #define __STDC_LIMIT_MACROS 1
| #endif
| 
| #include <inttypes.h>
| typedef int8_t flex_int8_t;
| typedef uint8_t flex_uint8_t;
| typedef int16_t flex_int16_t;
| typedef uint16_t flex_uint16_t;
| typedef int32_t flex_int32_t;
| typedef uint32_t flex_uint32_t;
| #else
| typedef signed char flex_int8_t;
| typedef short int flex_int16_t;
| typedef int flex_int32_t;
| typedef unsigned char flex_uint8_t; 
| typedef unsigned short int flex_uint16_t;
| typedef unsigned int flex_uint32_t;
| #endif /* ! C99 */
| 
| /* Limits of integral types. */
| #ifndef INT8_MIN
| #define INT8_MIN               (-128)
| #endif
| #ifndef INT16_MIN
| #define INT16_MIN              (-32767-1)
| #endif
| #ifndef INT32_MIN
| #define INT32_MIN              (-2147483647-1)
| #endif
| #ifndef INT8_MAX
| #define INT8_MAX               (127)
| #endif
| #ifndef INT16_MAX
| #define INT16_MAX              (32767)
| #endif
| #ifndef INT32_MAX
| #define INT32_MAX              (2147483647)
| #endif
| #ifndef UINT8_MAX
| #define UINT8_MAX              (255U)
| #endif
| #ifndef UINT16_MAX
| #define UINT16_MAX             (65535U)
| #endif
| #ifndef UINT32_MAX
| #define UINT32_MAX             (4294967295U)
| #endif
| 
| #endif /* ! FLEXINT_H */
| 
| #ifdef __cplusplus
| 
| /* The "const" storage-class-modifier is valid. */
| #define YY_USE_CONST
| 
| #else	/* ! __cplusplus */
| 
| /* C99 requires __STDC__ to be defined as 1. */
| #if defined (__STDC__)
| 
| #define YY_USE_CONST
| 
| #endif	/* defined (__STDC__) */
| #endif	/* ! __cplusplus */
| 
| #ifdef YY_USE_CONST
| #define yyconst const
| #else
| #define yyconst
| #endif
| 
| /* Returned upon end-of-file. */
| #define YY_NULL 0
| 
| /* Promotes a possibly negative, possibly signed char to an unsigned
|  * integer for use as an array index.  If the signed char is negative,
|  * we want to instead treat it as an 8-bit unsigned char, hence the
|  * double cast.
|  */
| #define YY_SC_TO_UI(c) ((unsigned int) (unsigned char) c)
| 
| /* Enter a start condition.  This macro really ought to take a parameter,
|  * but we do it the disgusting crufty way forced on us by the ()-less
|  * definition of BEGIN.
|  */
| #define BEGIN (yy_start) = 1 + 2 *
| 
| /* Translate the current start state into a value that can be later handed
|  * to BEGIN to return to the state.  The YYSTATE alias is for lex
|  * compatibility.
|  */
| #define YY_START (((yy_start) - 1) / 2)
| #define YYSTATE YY_START
| 
| /* Action number for EOF rule of a given start state. */
| #define YY_STATE_EOF(state) (YY_END_OF_BUFFER + state + 1)
| 
| /* Special action meaning "start processing a new file". */
| #define YY_NEW_FILE yyrestart(yyin  )
| 
| #define YY_END_OF_BUFFER_CHAR 0
| 
| /* Size of default input buffer. */
| #ifndef YY_BUF_SIZE
| #define YY_BUF_SIZE 16384
| #endif
| 
| /* The state buf must be large enough to hold one state per character in the main buffer.
|  */
| #define YY_STATE_BUF_SIZE   ((YY_BUF_SIZE + 2) * sizeof(yy_state_type))
| 
| #ifndef YY_TYPEDEF_YY_BUFFER_STATE
| #define YY_TYPEDEF_YY_BUFFER_STATE
| typedef struct yy_buffer_state *YY_BUFFER_STATE;
| #endif
| 
| extern int yyleng;
| 
| extern FILE *yyin, *yyout;
| 
| #define EOB_ACT_CONTINUE_SCAN 0
| #define EOB_ACT_END_OF_FILE 1
| #define EOB_ACT_LAST_MATCH 2
| 
|     #define YY_LESS_LINENO(n)
|     
| /* Return all but the first "n" matched characters back to the input stream. */
| #define yyless(n) \
| 	do \
| 		{ \
| 		/* Undo effects of setting up yytext. */ \
|         int yyless_macro_arg = (n); \
|         YY_LESS_LINENO(yyless_macro_arg);\
| 		*yy_cp = (yy_hold_char); \
| 		YY_RESTORE_YY_MORE_OFFSET \
| 		(yy_c_buf_p) = yy_cp = yy_bp + yyless_macro_arg - YY_MORE_ADJ; \
| 		YY_DO_BEFORE_ACTION; /* set up yytext again */ \
| 		} \
| 	while ( 0 )
| 
| #define unput(c) yyunput( c, (yytext_ptr)  )
| 
| #ifndef YY_TYPEDEF_YY_SIZE_T
| #define YY_TYPEDEF_YY_SIZE_T
| typedef size_t yy_size_t;
| #endif
| 
| #ifndef YY_STRUCT_YY_BUFFER_STATE
| #define YY_STRUCT_YY_BUFFER_STATE
| struct yy_buffer_state
| 	{
| 	FILE *yy_input_file;
| 
| 	char *yy_ch_buf;		/* input buffer */
| 	char *yy_buf_pos;		/* current position in input buffer */
| 
| 	/* Size of input buffer in bytes, not including room for EOB
| 	 * characters.
| 	 */
| 	yy_size_t yy_buf_size;
| 
| 	/* Number of characters read into yy_ch_buf, not including EOB
| 	 * characters.
| 	 */
| 	int yy_n_chars;
| 
| 	/* Whether we "own" the buffer - i.e., we know we created it,
| 	 * and can realloc() it to grow it, and should free() it to
| 	 * delete it.
| 	 */
| 	int yy_is_our_buffer;
| 
| 	/* Whether this is an "interactive" input source; if so, and
| 	 * if we're using stdio for input, then we want to use getc()
| 	 * instead of fread(), to make sure we stop fetching input after
| 	 * each newline.
| 	 */
| 	int yy_is_interactive;
| 
| 	/* Whether we're considered to be at the beginning of a line.
| 	 * If so, '^' rules will be active on the next match, otherwise
| 	 * not.
| 	 */
| 	int yy_at_bol;
| 
|     int yy_bs_lineno; /**< The line count. */
|     int yy_bs_column; /**< The column count. */
|     
| 	/* Whether to try to fill the input buffer when we reach the
| 	 * end of it.
| 	 */
| 	int yy_fill_buffer;
| 
| 	int yy_buffer_status;
| 
| #define YY_BUFFER_NEW 0
| #define YY_BUFFER_NORMAL 1
| 	/* When an EOF's been seen but there's still some text to process
| 	 * then we mark the buffer as YY_EOF_PENDING, to indicate that we
| 	 * shouldn't try reading from the input source any more.  We might
| 	 * still have a bunch of tokens to match, though, because of
| 	 * possible backing-up.
| 	 *
| 	 * When we actually see the EOF, we change the status to "new"
| 	 * (via yyrestart()), so that the user can continue scanning by
| 	 * just pointing yyin at a new input file.
| 	 */
| #define YY_BUFFER_EOF_PENDING 2
| 
| 	};
| #endif /* !YY_STRUCT_YY_BUFFER_STATE */
| 
| /* Stack of input buffers. */
| static size_t yy_buffer_stack_top = 0; /**< index of top of stack. */
| static size_t yy_buffer_stack_max = 0; /**< capacity of stack. */
| static YY_BUFFER_STATE * yy_buffer_stack = 0; /**< Stack as an array. */
| 
| /* We provide macros for accessing buffer states in case in the
|  * future we want to put the buffer states in a more general
|  * "scanner state".
|  *
|  * Returns the top of the stack, or NULL.
|  */
| #define YY_CURRENT_BUFFER ( (yy_buffer_stack) \
|                           ? (yy_buffer_stack)[(yy_buffer_stack_top)] \
|                           : NULL)
| 
| /* Same as previous macro, but useful when we know that the buffer stack is not
|  * NULL or when we need an lvalue. For internal use only.
|  */
| #define YY_CURRENT_BUFFER_LVALUE (yy_buffer_stack)[(yy_buffer_stack_top)]
| 
| /* yy_hold_char holds the character lost when yytext is formed. */
| static char yy_hold_char;
| static int yy_n_chars;		/* number of characters read into yy_ch_buf */
| int yyleng;
| 
| /* Points to current character in buffer. */
| static char *yy_c_buf_p = (char *) 0;
| static int yy_init = 0;		/* whether we need to initialize */
| static int yy_start = 0;	/* start state number */
| 
| /* Flag which is used to allow yywrap()'s to do buffer switches
|  * instead of setting up a fresh yyin.  A bit of a hack ...
|  */
| static int yy_did_buffer_switch_on_eof;
| 
| void yyrestart (FILE *input_file  );
| void yy_switch_to_buffer (YY_BUFFER_STATE new_buffer  );
| YY_BUFFER_STATE yy_create_buffer (FILE *file,int size  );
| void yy_delete_buffer (YY_BUFFER_STATE b  );
| void yy_flush_buffer (YY_BUFFER_STATE b  );
| void yypush_buffer_state (YY_BUFFER_STATE new_buffer  );
| void yypop_buffer_state (void );
| 
| static void yyensure_buffer_stack (void );
| static void yy_load_buffer_state (void );
| static void yy_init_buffer (YY_BUFFER_STATE b,FILE *file  );
| 
| #define YY_FLUSH_BUFFER yy_flush_buffer(YY_CURRENT_BUFFER )
| 
| YY_BUFFER_STATE yy_scan_buffer (char *base,yy_size_t size  );
| YY_BUFFER_STATE yy_scan_string (yyconst char *yy_str  );
| YY_BUFFER_STATE yy_scan_bytes (yyconst char *bytes,int len  );
| 
| void *yyalloc (yy_size_t  );
| void *yyrealloc (void *,yy_size_t  );
| void yyfree (void *  );
| 
| #define yy_new_buffer yy_create_buffer
| 
| #define yy_set_interactive(is_interactive) \
| 	{ \
| 	if ( ! YY_CURRENT_BUFFER ){ \
|         yyensure_buffer_stack (); \
| 		YY_CURRENT_BUFFER_LVALUE =    \
|             yy_create_buffer(yyin,YY_BUF_SIZE ); \
| 	} \
| 	YY_CURRENT_BUFFER_LVALUE->yy_is_interactive = is_interactive; \
| 	}
| 
| #define yy_set_bol(at_bol) \
| 	{ \
| 	if ( ! YY_CURRENT_BUFFER ){\
|         yyensure_buffer_stack (); \
| 		YY_CURRENT_BUFFER_LVALUE =    \
|             yy_create_buffer(yyin,YY_BUF_SIZE ); \
| 	} \
| 	YY_CURRENT_BUFFER_LVALUE->yy_at_bol = at_bol; \
| 	}
| 
| #define YY_AT_BOL() (YY_CURRENT_BUFFER_LVALUE->yy_at_bol)
| 
| /* Begin user sect3 */
| 
| typedef unsigned char YY_CHAR;
| 
| FILE *yyin = (FILE *) 0, *yyout = (FILE *) 0;
| 
| typedef int yy_state_type;
| 
| extern int yylineno;
| 
| int yylineno = 1;
| 
| extern char *yytext;
| #define yytext_ptr yytext
| 
| static yy_state_type yy_get_previous_state (void );
| static yy_state_type yy_try_NUL_trans (yy_state_type current_state  );
| static int yy_get_next_buffer (void );
| static void yy_fatal_error (yyconst char msg[]  );
| 
| /* Done after the current pattern has been matched and before the
|  * corresponding action - sets up yytext.
|  */
| #define YY_DO_BEFORE_ACTION \
| 	(yytext_ptr) = yy_bp; \
| 	(yytext_ptr) -= (yy_more_len); \
| 	yyleng = (size_t) (yy_cp - (yytext_ptr)); \
| 	(yy_hold_char) = *yy_cp; \
| 	*yy_cp = '\0'; \
| 	(yy_c_buf_p) = yy_cp;
| 
| #define YY_NUM_RULES 8
| #define YY_END_OF_BUFFER 9
| /* This struct is not used in this scanner,
|    but its presence is necessary. */
| struct yy_trans_info
| 	{
| 	flex_int32_t yy_verify;
| 	flex_int32_t yy_nxt;
| 	};
| static yyconst flex_int16_t yy_acclist[23] =
|     {   0,
|         9,    7,    8,    8,    1,    7,    8,    2,    7,    8,
|         3,    7,    8,    4,    7,    8,    5,    7,    8,    6,
|         7,    8
|     } ;
| 
| static yyconst flex_int16_t yy_accept[14] =
|     {   0,
|         1,    1,    1,    2,    4,    5,    8,   11,   14,   17,
|        20,   23,   23
|     } ;
| 
| static yyconst flex_int32_t yy_ec[256] =
|     {   0,
|         1,    1,    1,    1,    1,    1,    1,    1,    1,    2,
|         1,    1,    1,    1,    1,    1,    1,    1,    1,    1,
|         1,    1,    1,    1,    1,    1,    1,    1,    1,    1,
|         1,    1,    1,    1,    1,    1,    1,    1,    1,    1,
|         1,    1,    1,    1,    1,    1,    1,    1,    1,    1,
|         1,    1,    1,    1,    1,    1,    1,    1,    1,    1,
|         1,    1,    1,    1,    1,    1,    1,    1,    1,    1,
|         1,    1,    1,    1,    1,    1,    1,    1,    1,    1,
|         1,    1,    1,    1,    1,    1,    1,    1,    1,    1,
|         1,    1,    1,    1,    1,    1,    3,    4,    5,    6,
| 
|         7,    8,    1,    1,    1,    1,    1,    1,    1,    1,
|         1,    1,    1,    1,    1,    1,    1,    1,    1,    1,
|         1,    1,    1,    1,    1,    1,    1,    1,    1,    1,
|         1,    1,    1,    1,    1,    1,    1,    1,    1,    1,
|         1,    1,    1,    1,    1,    1,    1,    1,    1,    1,
|         1,    1,    1,    1,    1,    1,    1,    1,    1,    1,
|         1,    1,    1,    1,    1,    1,    1,    1,    1,    1,
|         1,    1,    1,    1,    1,    1,    1,    1,    1,    1,
|         1,    1,    1,    1,    1,    1,    1,    1,    1,    1,
|         1,    1,    1,    1,    1,    1,    1,    1,    1,    1,
| 
|         1,    1,    1,    1,    1,    1,    1,    1,    1,    1,
|         1,    1,    1,    1,    1,    1,    1,    1,    1,    1,
|         1,    1,    1,    1,    1,    1,    1,    1,    1,    1,
|         1,    1,    1,    1,    1,    1,    1,    1,    1,    1,
|         1,    1,    1,    1,    1,    1,    1,    1,    1,    1,
|         1,    1,    1,    1,    1
|     } ;
| 
| static yyconst flex_int32_t yy_meta[9] =
|     {   0,
|         1,    1,    1,    1,    1,    1,    1,    1
|     } ;
| 
| static yyconst flex_int16_t yy_base[13] =
|     {   0,
|         0,    0,    9,   10,   10,   10,   10,   10,   10,   10,
|        10,   10
|     } ;
| 
| static yyconst flex_int16_t yy_def[13] =
|     {   0,
|        12,    1,   12,   12,   12,   12,   12,   12,   12,   12,
|        12,    0
|     } ;
| 
| static yyconst flex_int16_t yy_nxt[19] =
|     {   0,
|         4,    5,    6,    7,    8,    9,   10,   11,   12,    3,
|        12,   12,   12,   12,   12,   12,   12,   12
|     } ;
| 
| static yyconst flex_int16_t yy_chk[19] =
|     {   0,
|         1,    1,    1,    1,    1,    1,    1,    1,    3,   12,
|        12,   12,   12,   12,   12,   12,   12,   12
|     } ;
| 
| extern int yy_flex_debug;
| int yy_flex_debug = 0;
| 
| static yy_state_type *yy_state_buf=0, *yy_state_ptr=0;
| static char *yy_full_match;
| static int yy_lp;
| #define REJECT \
| { \
| *yy_cp = (yy_hold_char); /* undo effects of setting up yytext */ \
| yy_cp = (yy_full_match); /* restore poss. backed-over text */ \
| ++(yy_lp); \
| goto find_rule; \
| }
| 
| static int yy_more_flag = 0;
| static int yy_more_len = 0;
| #define yymore() ((yy_more_flag) = 1)
| #define YY_MORE_ADJ (yy_more_len)
| #define YY_RESTORE_YY_MORE_OFFSET
| char *yytext;
| #line 1 "conftest.l"
| #line 468 "lex.yy.c"
| 
| #define INITIAL 0
| 
| #ifndef YY_NO_UNISTD_H
| /* Special case for "unistd.h", since it is non-ANSI. We include it way
|  * down here because we want the user's section 1 to have been scanned first.
|  * The user has a chance to override it with an option.
|  */
| #include <unistd.h>
| #endif
| 
| #ifndef YY_EXTRA_TYPE
| #define YY_EXTRA_TYPE void *
| #endif
| 
| static int yy_init_globals (void );
| 
| /* Accessor methods to globals.
|    These are made visible to non-reentrant scanners for convenience. */
| 
| int yylex_destroy (void );
| 
| int yyget_debug (void );
| 
| void yyset_debug (int debug_flag  );
| 
| YY_EXTRA_TYPE yyget_extra (void );
| 
| void yyset_extra (YY_EXTRA_TYPE user_defined  );
| 
| FILE *yyget_in (void );
| 
| void yyset_in  (FILE * in_str  );
| 
| FILE *yyget_out (void );
| 
| void yyset_out  (FILE * out_str  );
| 
| int yyget_leng (void );
| 
| char *yyget_text (void );
| 
| int yyget_lineno (void );
| 
| void yyset_lineno (int line_number  );
| 
| /* Macros after this point can all be overridden by user definitions in
|  * section 1.
|  */
| 
| #ifndef YY_SKIP_YYWRAP
| #ifdef __cplusplus
| extern "C" int yywrap (void );
| #else
| extern int yywrap (void );
| #endif
| #endif
| 
|     static void yyunput (int c,char *buf_ptr  );
|     
| #ifndef yytext_ptr
| static void yy_flex_strncpy (char *,yyconst char *,int );
| #endif
| 
| #ifdef YY_NEED_STRLEN
| static int yy_flex_strlen (yyconst char * );
| #endif
| 
| #ifndef YY_NO_INPUT
| 
| #ifdef __cplusplus
| static int yyinput (void );
| #else
| static int input (void );
| #endif
| 
| #endif
| 
| /* Amount of stuff to slurp up with each read. */
| #ifndef YY_READ_BUF_SIZE
| #define YY_READ_BUF_SIZE 8192
| #endif
| 
| /* Copy whatever the last rule matched to the standard output. */
| #ifndef ECHO
| /* This used to be an fputs(), but since the string might contain NUL's,
|  * we now use fwrite().
|  */
| #define ECHO do { if (fwrite( yytext, yyleng, 1, yyout )) {} } while (0)
| #endif
| 
| /* Gets input and stuffs it into "buf".  number of characters read, or YY_NULL,
|  * is returned in "result".
|  */
| #ifndef YY_INPUT
| #define YY_INPUT(buf,result,max_size) \
| 	if ( YY_CURRENT_BUFFER_LVALUE->yy_is_interactive ) \
| 		{ \
| 		int c = '*'; \
| 		unsigned n; \
| 		for ( n = 0; n < max_size && \
| 			     (c = getc( yyin )) != EOF && c != '\n'; ++n ) \
| 			buf[n] = (char) c; \
| 		if ( c == '\n' ) \
| 			buf[n++] = (char) c; \
| 		if ( c == EOF && ferror( yyin ) ) \
| 			YY_FATAL_ERROR( "input in flex scanner failed" ); \
| 		result = n; \
| 		} \
| 	else \
| 		{ \
| 		errno=0; \
| 		while ( (result = fread(buf, 1, max_size, yyin))==0 && ferror(yyin)) \
| 			{ \
| 			if( errno != EINTR) \
| 				{ \
| 				YY_FATAL_ERROR( "input in flex scanner failed" ); \
| 				break; \
| 				} \
| 			errno=0; \
| 			clearerr(yyin); \
| 			} \
| 		}\
| \
| 
| #endif
| 
| /* No semi-colon after return; correct usage is to write "yyterminate();" -
|  * we don't want an extra ';' after the "return" because that will cause
|  * some compilers to complain about unreachable statements.
|  */
| #ifndef yyterminate
| #define yyterminate() return YY_NULL
| #endif
| 
| /* Number of entries by which start-condition stack grows. */
| #ifndef YY_START_STACK_INCR
| #define YY_START_STACK_INCR 25
| #endif
| 
| /* Report a fatal error. */
| #ifndef YY_FATAL_ERROR
| #define YY_FATAL_ERROR(msg) yy_fatal_error( msg )
| #endif
| 
| /* end tables serialization structures and prototypes */
| 
| /* Default declaration of generated scanner - a define so the user can
|  * easily add parameters.
|  */
| #ifndef YY_DECL
| #define YY_DECL_IS_OURS 1
| 
| extern int yylex (void);
| 
| #define YY_DECL int yylex (void)
| #endif /* !YY_DECL */
| 
| /* Code executed at the beginning of each rule, after yytext and yyleng
|  * have been set up.
|  */
| #ifndef YY_USER_ACTION
| #define YY_USER_ACTION
| #endif
| 
| /* Code executed at the end of each rule. */
| #ifndef YY_BREAK
| #define YY_BREAK break;
| #endif
| 
| #define YY_RULE_SETUP \
| 	YY_USER_ACTION
| 
| /** The main scanner function which does all the work.
|  */
| YY_DECL
| {
| 	register yy_state_type yy_current_state;
| 	register char *yy_cp, *yy_bp;
| 	register int yy_act;
|     
| #line 1 "conftest.l"
| 
| #line 652 "lex.yy.c"
| 
| 	if ( !(yy_init) )
| 		{
| 		(yy_init) = 1;
| 
| #ifdef YY_USER_INIT
| 		YY_USER_INIT;
| #endif
| 
|         /* Create the reject buffer large enough to save one state per allowed character. */
|         if ( ! (yy_state_buf) )
|             (yy_state_buf) = (yy_state_type *)yyalloc(YY_STATE_BUF_SIZE  );
|             if ( ! (yy_state_buf) )
|                 YY_FATAL_ERROR( "out of dynamic memory in yylex()" );
| 
| 		if ( ! (yy_start) )
| 			(yy_start) = 1;	/* first start state */
| 
| 		if ( ! yyin )
| 			yyin = stdin;
| 
| 		if ( ! yyout )
| 			yyout = stdout;
| 
| 		if ( ! YY_CURRENT_BUFFER ) {
| 			yyensure_buffer_stack ();
| 			YY_CURRENT_BUFFER_LVALUE =
| 				yy_create_buffer(yyin,YY_BUF_SIZE );
| 		}
| 
| 		yy_load_buffer_state( );
| 		}
| 
| 	while ( 1 )		/* loops until end-of-file is reached */
| 		{
| 		(yy_more_len) = 0;
| 		if ( (yy_more_flag) )
| 			{
| 			(yy_more_len) = (yy_c_buf_p) - (yytext_ptr);
| 			(yy_more_flag) = 0;
| 			}
| 		yy_cp = (yy_c_buf_p);
| 
| 		/* Support of yytext. */
| 		*yy_cp = (yy_hold_char);
| 
| 		/* yy_bp points to the position in yy_ch_buf of the start of
| 		 * the current run.
| 		 */
| 		yy_bp = yy_cp;
| 
| 		yy_current_state = (yy_start);
| 
| 		(yy_state_ptr) = (yy_state_buf);
| 		*(yy_state_ptr)++ = yy_current_state;
| 
| yy_match:
| 		do
| 			{
| 			register YY_CHAR yy_c = yy_ec[YY_SC_TO_UI(*yy_cp)];
| 			while ( yy_chk[yy_base[yy_current_state] + yy_c] != yy_current_state )
| 				{
| 				yy_current_state = (int) yy_def[yy_current_state];
| 				if ( yy_current_state >= 13 )
| 					yy_c = yy_meta[(unsigned int) yy_c];
| 				}
| 			yy_current_state = yy_nxt[yy_base[yy_current_state] + (unsigned int) yy_c];
| 			*(yy_state_ptr)++ = yy_current_state;
| 			++yy_cp;
| 			}
| 		while ( yy_base[yy_current_state] != 10 );
| 
| yy_find_action:
| 		yy_current_state = *--(yy_state_ptr);
| 		(yy_lp) = yy_accept[yy_current_state];
| find_rule: /* we branch to this label when backing up */
| 		for ( ; ; ) /* until we find what rule we matched */
| 			{
| 			if ( (yy_lp) && (yy_lp) < yy_accept[yy_current_state + 1] )
| 				{
| 				yy_act = yy_acclist[(yy_lp)];
| 					{
| 					(yy_full_match) = yy_cp;
| 					break;
| 					}
| 				}
| 			--yy_cp;
| 			yy_current_state = *--(yy_state_ptr);
| 			(yy_lp) = yy_accept[yy_current_state];
| 			}
| 
| 		YY_DO_BEFORE_ACTION;
| 
| do_action:	/* This label is used only to access EOF actions. */
| 
| 		switch ( yy_act )
| 	{ /* beginning of action switch */
| case 1:
| YY_RULE_SETUP
| #line 2 "conftest.l"
| { ECHO; }
| 	YY_BREAK
| case 2:
| YY_RULE_SETUP
| #line 3 "conftest.l"
| { REJECT; }
| 	YY_BREAK
| case 3:
| YY_RULE_SETUP
| #line 4 "conftest.l"
| { yymore (); }
| 	YY_BREAK
| case 4:
| YY_RULE_SETUP
| #line 5 "conftest.l"
| { yyless (1); }
| 	YY_BREAK
| case 5:
| YY_RULE_SETUP
| #line 6 "conftest.l"
| { yyless (input () != 0); }
| 	YY_BREAK
| case 6:
| YY_RULE_SETUP
| #line 7 "conftest.l"
| { unput (yytext[0]); }
| 	YY_BREAK
| case 7:
| YY_RULE_SETUP
| #line 8 "conftest.l"
| { BEGIN INITIAL; }
| 	YY_BREAK
| case 8:
| YY_RULE_SETUP
| #line 9 "conftest.l"
| ECHO;
| 	YY_BREAK
| #line 790 "lex.yy.c"
| 			case YY_STATE_EOF(INITIAL):
| 				yyterminate();
| 
| 	case YY_END_OF_BUFFER:
| 		{
| 		/* Amount of text matched not including the EOB char. */
| 		int yy_amount_of_matched_text = (int) (yy_cp - (yytext_ptr)) - 1;
| 
| 		/* Undo the effects of YY_DO_BEFORE_ACTION. */
| 		*yy_cp = (yy_hold_char);
| 		YY_RESTORE_YY_MORE_OFFSET
| 
| 		if ( YY_CURRENT_BUFFER_LVALUE->yy_buffer_status == YY_BUFFER_NEW )
| 			{
| 			/* We're scanning a new file or input source.  It's
| 			 * possible that this happened because the user
| 			 * just pointed yyin at a new source and called
| 			 * yylex().  If so, then we have to assure
| 			 * consistency between YY_CURRENT_BUFFER and our
| 			 * globals.  Here is the right place to do so, because
| 			 * this is the first action (other than possibly a
| 			 * back-up) that will match for the new input source.
| 			 */
| 			(yy_n_chars) = YY_CURRENT_BUFFER_LVALUE->yy_n_chars;
| 			YY_CURRENT_BUFFER_LVALUE->yy_input_file = yyin;
| 			YY_CURRENT_BUFFER_LVALUE->yy_buffer_status = YY_BUFFER_NORMAL;
| 			}
| 
| 		/* Note that here we test for yy_c_buf_p "<=" to the position
| 		 * of the first EOB in the buffer, since yy_c_buf_p will
| 		 * already have been incremented past the NUL character
| 		 * (since all states make transitions on EOB to the
| 		 * end-of-buffer state).  Contrast this with the test
| 		 * in input().
| 		 */
| 		if ( (yy_c_buf_p) <= &YY_CURRENT_BUFFER_LVALUE->yy_ch_buf[(yy_n_chars)] )
| 			{ /* This was really a NUL. */
| 			yy_state_type yy_next_state;
| 
| 			(yy_c_buf_p) = (yytext_ptr) + yy_amount_of_matched_text;
| 
| 			yy_current_state = yy_get_previous_state(  );
| 
| 			/* Okay, we're now positioned to make the NUL
| 			 * transition.  We couldn't have
| 			 * yy_get_previous_state() go ahead and do it
| 			 * for us because it doesn't know how to deal
| 			 * with the possibility of jamming (and we don't
| 			 * want to build jamming into it because then it
| 			 * will run more slowly).
| 			 */
| 
| 			yy_next_state = yy_try_NUL_trans( yy_current_state );
| 
| 			yy_bp = (yytext_ptr) + YY_MORE_ADJ;
| 
| 			if ( yy_next_state )
| 				{
| 				/* Consume the NUL. */
| 				yy_cp = ++(yy_c_buf_p);
| 				yy_current_state = yy_next_state;
| 				goto yy_match;
| 				}
| 
| 			else
| 				{
| 				yy_cp = (yy_c_buf_p);
| 				goto yy_find_action;
| 				}
| 			}
| 
| 		else switch ( yy_get_next_buffer(  ) )
| 			{
| 			case EOB_ACT_END_OF_FILE:
| 				{
| 				(yy_did_buffer_switch_on_eof) = 0;
| 
| 				if ( yywrap( ) )
| 					{
| 					/* Note: because we've taken care in
| 					 * yy_get_next_buffer() to have set up
| 					 * yytext, we can now set up
| 					 * yy_c_buf_p so that if some total
| 					 * hoser (like flex itself) wants to
| 					 * call the scanner after we return the
| 					 * YY_NULL, it'll still work - another
| 					 * YY_NULL will get returned.
| 					 */
| 					(yy_c_buf_p) = (yytext_ptr) + YY_MORE_ADJ;
| 
| 					yy_act = YY_STATE_EOF(YY_START);
| 					goto do_action;
| 					}
| 
| 				else
| 					{
| 					if ( ! (yy_did_buffer_switch_on_eof) )
| 						YY_NEW_FILE;
| 					}
| 				break;
| 				}
| 
| 			case EOB_ACT_CONTINUE_SCAN:
| 				(yy_c_buf_p) =
| 					(yytext_ptr) + yy_amount_of_matched_text;
| 
| 				yy_current_state = yy_get_previous_state(  );
| 
| 				yy_cp = (yy_c_buf_p);
| 				yy_bp = (yytext_ptr) + YY_MORE_ADJ;
| 				goto yy_match;
| 
| 			case EOB_ACT_LAST_MATCH:
| 				(yy_c_buf_p) =
| 				&YY_CURRENT_BUFFER_LVALUE->yy_ch_buf[(yy_n_chars)];
| 
| 				yy_current_state = yy_get_previous_state(  );
| 
| 				yy_cp = (yy_c_buf_p);
| 				yy_bp = (yytext_ptr) + YY_MORE_ADJ;
| 				goto yy_find_action;
| 			}
| 		break;
| 		}
| 
| 	default:
| 		YY_FATAL_ERROR(
| 			"fatal flex scanner internal error--no action found" );
| 	} /* end of action switch */
| 		} /* end of scanning one token */
| } /* end of yylex */
| 
| /* yy_get_next_buffer - try to read in a new buffer
|  *
|  * Returns a code representing an action:
|  *	EOB_ACT_LAST_MATCH -
|  *	EOB_ACT_CONTINUE_SCAN - continue scanning from current position
|  *	EOB_ACT_END_OF_FILE - end of file
|  */
| static int yy_get_next_buffer (void)
| {
|     	register char *dest = YY_CURRENT_BUFFER_LVALUE->yy_ch_buf;
| 	register char *source = (yytext_ptr);
| 	register int number_to_move, i;
| 	int ret_val;
| 
| 	if ( (yy_c_buf_p) > &YY_CURRENT_BUFFER_LVALUE->yy_ch_buf[(yy_n_chars) + 1] )
| 		YY_FATAL_ERROR(
| 		"fatal flex scanner internal error--end of buffer missed" );
| 
| 	if ( YY_CURRENT_BUFFER_LVALUE->yy_fill_buffer == 0 )
| 		{ /* Don't try to fill the buffer, so this is an EOF. */
| 		if ( (yy_c_buf_p) - (yytext_ptr) - YY_MORE_ADJ == 1 )
| 			{
| 			/* We matched a single character, the EOB, so
| 			 * treat this as a final EOF.
| 			 */
| 			return EOB_ACT_END_OF_FILE;
| 			}
| 
| 		else
| 			{
| 			/* We matched some text prior to the EOB, first
| 			 * process it.
| 			 */
| 			return EOB_ACT_LAST_MATCH;
| 			}
| 		}
| 
| 	/* Try to read more data. */
| 
| 	/* First move last chars to start of buffer. */
| 	number_to_move = (int) ((yy_c_buf_p) - (yytext_ptr)) - 1;
| 
| 	for ( i = 0; i < number_to_move; ++i )
| 		*(dest++) = *(source++);
| 
| 	if ( YY_CURRENT_BUFFER_LVALUE->yy_buffer_status == YY_BUFFER_EOF_PENDING )
| 		/* don't do the read, it's not guaranteed to return an EOF,
| 		 * just force an EOF
| 		 */
| 		YY_CURRENT_BUFFER_LVALUE->yy_n_chars = (yy_n_chars) = 0;
| 
| 	else
| 		{
| 			int num_to_read =
| 			YY_CURRENT_BUFFER_LVALUE->yy_buf_size - number_to_move - 1;
| 
| 		while ( num_to_read <= 0 )
| 			{ /* Not enough room in the buffer - grow it. */
| 
| 			YY_FATAL_ERROR(
| "input buffer overflow, can't enlarge buffer because scanner uses REJECT" );
| 
| 			}
| 
| 		if ( num_to_read > YY_READ_BUF_SIZE )
| 			num_to_read = YY_READ_BUF_SIZE;
| 
| 		/* Read in more data. */
| 		YY_INPUT( (&YY_CURRENT_BUFFER_LVALUE->yy_ch_buf[number_to_move]),
| 			(yy_n_chars), (size_t) num_to_read );
| 
| 		YY_CURRENT_BUFFER_LVALUE->yy_n_chars = (yy_n_chars);
| 		}
| 
| 	if ( (yy_n_chars) == 0 )
| 		{
| 		if ( number_to_move == YY_MORE_ADJ )
| 			{
| 			ret_val = EOB_ACT_END_OF_FILE;
| 			yyrestart(yyin  );
| 			}
| 
| 		else
| 			{
| 			ret_val = EOB_ACT_LAST_MATCH;
| 			YY_CURRENT_BUFFER_LVALUE->yy_buffer_status =
| 				YY_BUFFER_EOF_PENDING;
| 			}
| 		}
| 
| 	else
| 		ret_val = EOB_ACT_CONTINUE_SCAN;
| 
| 	if ((yy_size_t) ((yy_n_chars) + number_to_move) > YY_CURRENT_BUFFER_LVALUE->yy_buf_size) {
| 		/* Extend the array by 50%, plus the number we really need. */
| 		yy_size_t new_size = (yy_n_chars) + number_to_move + ((yy_n_chars) >> 1);
| 		YY_CURRENT_BUFFER_LVALUE->yy_ch_buf = (char *) yyrealloc((void *) YY_CURRENT_BUFFER_LVALUE->yy_ch_buf,new_size  );
| 		if ( ! YY_CURRENT_BUFFER_LVALUE->yy_ch_buf )
| 			YY_FATAL_ERROR( "out of dynamic memory in yy_get_next_buffer()" );
| 	}
| 
| 	(yy_n_chars) += number_to_move;
| 	YY_CURRENT_BUFFER_LVALUE->yy_ch_buf[(yy_n_chars)] = YY_END_OF_BUFFER_CHAR;
| 	YY_CURRENT_BUFFER_LVALUE->yy_ch_buf[(yy_n_chars) + 1] = YY_END_OF_BUFFER_CHAR;
| 
| 	(yytext_ptr) = &YY_CURRENT_BUFFER_LVALUE->yy_ch_buf[0];
| 
| 	return ret_val;
| }
| 
| /* yy_get_previous_state - get the state just before the EOB char was reached */
| 
|     static yy_state_type yy_get_previous_state (void)
| {
| 	register yy_state_type yy_current_state;
| 	register char *yy_cp;
|     
| 	yy_current_state = (yy_start);
| 
| 	(yy_state_ptr) = (yy_state_buf);
| 	*(yy_state_ptr)++ = yy_current_state;
| 
| 	for ( yy_cp = (yytext_ptr) + YY_MORE_ADJ; yy_cp < (yy_c_buf_p); ++yy_cp )
| 		{
| 		register YY_CHAR yy_c = (*yy_cp ? yy_ec[YY_SC_TO_UI(*yy_cp)] : 1);
| 		while ( yy_chk[yy_base[yy_current_state] + yy_c] != yy_current_state )
| 			{
| 			yy_current_state = (int) yy_def[yy_current_state];
| 			if ( yy_current_state >= 13 )
| 				yy_c = yy_meta[(unsigned int) yy_c];
| 			}
| 		yy_current_state = yy_nxt[yy_base[yy_current_state] + (unsigned int) yy_c];
| 		*(yy_state_ptr)++ = yy_current_state;
| 		}
| 
| 	return yy_current_state;
| }
| 
| /* yy_try_NUL_trans - try to make a transition on the NUL character
|  *
|  * synopsis
|  *	next_state = yy_try_NUL_trans( current_state );
|  */
|     static yy_state_type yy_try_NUL_trans  (yy_state_type yy_current_state )
| {
| 	register int yy_is_jam;
|     
| 	register YY_CHAR yy_c = 1;
| 	while ( yy_chk[yy_base[yy_current_state] + yy_c] != yy_current_state )
| 		{
| 		yy_current_state = (int) yy_def[yy_current_state];
| 		if ( yy_current_state >= 13 )
| 			yy_c = yy_meta[(unsigned int) yy_c];
| 		}
| 	yy_current_state = yy_nxt[yy_base[yy_current_state] + (unsigned int) yy_c];
| 	yy_is_jam = (yy_current_state == 12);
| 	if ( ! yy_is_jam )
| 		*(yy_state_ptr)++ = yy_current_state;
| 
| 	return yy_is_jam ? 0 : yy_current_state;
| }
| 
|     static void yyunput (int c, register char * yy_bp )
| {
| 	register char *yy_cp;
|     
|     yy_cp = (yy_c_buf_p);
| 
| 	/* undo effects of setting up yytext */
| 	*yy_cp = (yy_hold_char);
| 
| 	if ( yy_cp < YY_CURRENT_BUFFER_LVALUE->yy_ch_buf + 2 )
| 		{ /* need to shift things up to make room */
| 		/* +2 for EOB chars. */
| 		register int number_to_move = (yy_n_chars) + 2;
| 		register char *dest = &YY_CURRENT_BUFFER_LVALUE->yy_ch_buf[
| 					YY_CURRENT_BUFFER_LVALUE->yy_buf_size + 2];
| 		register char *source =
| 				&YY_CURRENT_BUFFER_LVALUE->yy_ch_buf[number_to_move];
| 
| 		while ( source > YY_CURRENT_BUFFER_LVALUE->yy_ch_buf )
| 			*--dest = *--source;
| 
| 		yy_cp += (int) (dest - source);
| 		yy_bp += (int) (dest - source);
| 		YY_CURRENT_BUFFER_LVALUE->yy_n_chars =
| 			(yy_n_chars) = YY_CURRENT_BUFFER_LVALUE->yy_buf_size;
| 
| 		if ( yy_cp < YY_CURRENT_BUFFER_LVALUE->yy_ch_buf + 2 )
| 			YY_FATAL_ERROR( "flex scanner push-back overflow" );
| 		}
| 
| 	*--yy_cp = (char) c;
| 
| 	(yytext_ptr) = yy_bp;
| 	(yy_hold_char) = *yy_cp;
| 	(yy_c_buf_p) = yy_cp;
| }
| 
| #ifndef YY_NO_INPUT
| #ifdef __cplusplus
|     static int yyinput (void)
| #else
|     static int input  (void)
| #endif
| 
| {
| 	int c;
|     
| 	*(yy_c_buf_p) = (yy_hold_char);
| 
| 	if ( *(yy_c_buf_p) == YY_END_OF_BUFFER_CHAR )
| 		{
| 		/* yy_c_buf_p now points to the character we want to return.
| 		 * If this occurs *before* the EOB characters, then it's a
| 		 * valid NUL; if not, then we've hit the end of the buffer.
| 		 */
| 		if ( (yy_c_buf_p) < &YY_CURRENT_BUFFER_LVALUE->yy_ch_buf[(yy_n_chars)] )
| 			/* This was really a NUL. */
| 			*(yy_c_buf_p) = '\0';
| 
| 		else
| 			{ /* need more input */
| 			int offset = (yy_c_buf_p) - (yytext_ptr);
| 			++(yy_c_buf_p);
| 
| 			switch ( yy_get_next_buffer(  ) )
| 				{
| 				case EOB_ACT_LAST_MATCH:
| 					/* This happens because yy_g_n_b()
| 					 * sees that we've accumulated a
| 					 * token and flags that we need to
| 					 * try matching the token before
| 					 * proceeding.  But for input(),
| 					 * there's no matching to consider.
| 					 * So convert the EOB_ACT_LAST_MATCH
| 					 * to EOB_ACT_END_OF_FILE.
| 					 */
| 
| 					/* Reset buffer status. */
| 					yyrestart(yyin );
| 
| 					/*FALLTHROUGH*/
| 
| 				case EOB_ACT_END_OF_FILE:
| 					{
| 					if ( yywrap( ) )
| 						return EOF;
| 
| 					if ( ! (yy_did_buffer_switch_on_eof) )
| 						YY_NEW_FILE;
| #ifdef __cplusplus
| 					return yyinput();
| #else
| 					return input();
| #endif
| 					}
| 
| 				case EOB_ACT_CONTINUE_SCAN:
| 					(yy_c_buf_p) = (yytext_ptr) + offset;
| 					break;
| 				}
| 			}
| 		}
| 
| 	c = *(unsigned char *) (yy_c_buf_p);	/* cast for 8-bit char's */
| 	*(yy_c_buf_p) = '\0';	/* preserve yytext */
| 	(yy_hold_char) = *++(yy_c_buf_p);
| 
| 	return c;
| }
| #endif	/* ifndef YY_NO_INPUT */
| 
| /** Immediately switch to a different input stream.
|  * @param input_file A readable stream.
|  * 
|  * @note This function does not reset the start condition to @c INITIAL .
|  */
|     void yyrestart  (FILE * input_file )
| {
|     
| 	if ( ! YY_CURRENT_BUFFER ){
|         yyensure_buffer_stack ();
| 		YY_CURRENT_BUFFER_LVALUE =
|             yy_create_buffer(yyin,YY_BUF_SIZE );
| 	}
| 
| 	yy_init_buffer(YY_CURRENT_BUFFER,input_file );
| 	yy_load_buffer_state( );
| }
| 
| /** Switch to a different input buffer.
|  * @param new_buffer The new input buffer.
|  * 
|  */
|     void yy_switch_to_buffer  (YY_BUFFER_STATE  new_buffer )
| {
|     
| 	/* TODO. We should be able to replace this entire function body
| 	 * with
| 	 *		yypop_buffer_state();
| 	 *		yypush_buffer_state(new_buffer);
|      */
| 	yyensure_buffer_stack ();
| 	if ( YY_CURRENT_BUFFER == new_buffer )
| 		return;
| 
| 	if ( YY_CURRENT_BUFFER )
| 		{
| 		/* Flush out information for old buffer. */
| 		*(yy_c_buf_p) = (yy_hold_char);
| 		YY_CURRENT_BUFFER_LVALUE->yy_buf_pos = (yy_c_buf_p);
| 		YY_CURRENT_BUFFER_LVALUE->yy_n_chars = (yy_n_chars);
| 		}
| 
| 	YY_CURRENT_BUFFER_LVALUE = new_buffer;
| 	yy_load_buffer_state( );
| 
| 	/* We don't actually know whether we did this switch during
| 	 * EOF (yywrap()) processing, but the only time this flag
| 	 * is looked at is after yywrap() is called, so it's safe
| 	 * to go ahead and always set it.
| 	 */
| 	(yy_did_buffer_switch_on_eof) = 1;
| }
| 
| static void yy_load_buffer_state  (void)
| {
|     	(yy_n_chars) = YY_CURRENT_BUFFER_LVALUE->yy_n_chars;
| 	(yytext_ptr) = (yy_c_buf_p) = YY_CURRENT_BUFFER_LVALUE->yy_buf_pos;
| 	yyin = YY_CURRENT_BUFFER_LVALUE->yy_input_file;
| 	(yy_hold_char) = *(yy_c_buf_p);
| }
| 
| /** Allocate and initialize an input buffer state.
|  * @param file A readable stream.
|  * @param size The character buffer size in bytes. When in doubt, use @c YY_BUF_SIZE.
|  * 
|  * @return the allocated buffer state.
|  */
|     YY_BUFFER_STATE yy_create_buffer  (FILE * file, int  size )
| {
| 	YY_BUFFER_STATE b;
|     
| 	b = (YY_BUFFER_STATE) yyalloc(sizeof( struct yy_buffer_state )  );
| 	if ( ! b )
| 		YY_FATAL_ERROR( "out of dynamic memory in yy_create_buffer()" );
| 
| 	b->yy_buf_size = size;
| 
| 	/* yy_ch_buf has to be 2 characters longer than the size given because
| 	 * we need to put in 2 end-of-buffer characters.
| 	 */
| 	b->yy_ch_buf = (char *) yyalloc(b->yy_buf_size + 2  );
| 	if ( ! b->yy_ch_buf )
| 		YY_FATAL_ERROR( "out of dynamic memory in yy_create_buffer()" );
| 
| 	b->yy_is_our_buffer = 1;
| 
| 	yy_init_buffer(b,file );
| 
| 	return b;
| }
| 
| /** Destroy the buffer.
|  * @param b a buffer created with yy_create_buffer()
|  * 
|  */
|     void yy_delete_buffer (YY_BUFFER_STATE  b )
| {
|     
| 	if ( ! b )
| 		return;
| 
| 	if ( b == YY_CURRENT_BUFFER ) /* Not sure if we should pop here. */
| 		YY_CURRENT_BUFFER_LVALUE = (YY_BUFFER_STATE) 0;
| 
| 	if ( b->yy_is_our_buffer )
| 		yyfree((void *) b->yy_ch_buf  );
| 
| 	yyfree((void *) b  );
| }
| 
| #ifndef __cplusplus
| extern int isatty (int );
| #endif /* __cplusplus */
|     
| /* Initializes or reinitializes a buffer.
|  * This function is sometimes called more than once on the same buffer,
|  * such as during a yyrestart() or at EOF.
|  */
|     static void yy_init_buffer  (YY_BUFFER_STATE  b, FILE * file )
| 
| {
| 	int oerrno = errno;
|     
| 	yy_flush_buffer(b );
| 
| 	b->yy_input_file = file;
| 	b->yy_fill_buffer = 1;
| 
|     /* If b is the current buffer, then yy_init_buffer was _probably_
|      * called from yyrestart() or through yy_get_next_buffer.
|      * In that case, we don't want to reset the lineno or column.
|      */
|     if (b != YY_CURRENT_BUFFER){
|         b->yy_bs_lineno = 1;
|         b->yy_bs_column = 0;
|     }
| 
|         b->yy_is_interactive = file ? (isatty( fileno(file) ) > 0) : 0;
|     
| 	errno = oerrno;
| }
| 
| /** Discard all buffered characters. On the next scan, YY_INPUT will be called.
|  * @param b the buffer state to be flushed, usually @c YY_CURRENT_BUFFER.
|  * 
|  */
|     void yy_flush_buffer (YY_BUFFER_STATE  b )
| {
|     	if ( ! b )
| 		return;
| 
| 	b->yy_n_chars = 0;
| 
| 	/* We always need two end-of-buffer characters.  The first causes
| 	 * a transition to the end-of-buffer state.  The second causes
| 	 * a jam in that state.
| 	 */
| 	b->yy_ch_buf[0] = YY_END_OF_BUFFER_CHAR;
| 	b->yy_ch_buf[1] = YY_END_OF_BUFFER_CHAR;
| 
| 	b->yy_buf_pos = &b->yy_ch_buf[0];
| 
| 	b->yy_at_bol = 1;
| 	b->yy_buffer_status = YY_BUFFER_NEW;
| 
| 	if ( b == YY_CURRENT_BUFFER )
| 		yy_load_buffer_state( );
| }
| 
| /** Pushes the new state onto the stack. The new state becomes
|  *  the current state. This function will allocate the stack
|  *  if necessary.
|  *  @param new_buffer The new state.
|  *  
|  */
| void yypush_buffer_state (YY_BUFFER_STATE new_buffer )
| {
|     	if (new_buffer == NULL)
| 		return;
| 
| 	yyensure_buffer_stack();
| 
| 	/* This block is copied from yy_switch_to_buffer. */
| 	if ( YY_CURRENT_BUFFER )
| 		{
| 		/* Flush out information for old buffer. */
| 		*(yy_c_buf_p) = (yy_hold_char);
| 		YY_CURRENT_BUFFER_LVALUE->yy_buf_pos = (yy_c_buf_p);
| 		YY_CURRENT_BUFFER_LVALUE->yy_n_chars = (yy_n_chars);
| 		}
| 
| 	/* Only push if top exists. Otherwise, replace top. */
| 	if (YY_CURRENT_BUFFER)
| 		(yy_buffer_stack_top)++;
| 	YY_CURRENT_BUFFER_LVALUE = new_buffer;
| 
| 	/* copied from yy_switch_to_buffer. */
| 	yy_load_buffer_state( );
| 	(yy_did_buffer_switch_on_eof) = 1;
| }
| 
| /** Removes and deletes the top of the stack, if present.
|  *  The next element becomes the new top.
|  *  
|  */
| void yypop_buffer_state (void)
| {
|     	if (!YY_CURRENT_BUFFER)
| 		return;
| 
| 	yy_delete_buffer(YY_CURRENT_BUFFER );
| 	YY_CURRENT_BUFFER_LVALUE = NULL;
| 	if ((yy_buffer_stack_top) > 0)
| 		--(yy_buffer_stack_top);
| 
| 	if (YY_CURRENT_BUFFER) {
| 		yy_load_buffer_state( );
| 		(yy_did_buffer_switch_on_eof) = 1;
| 	}
| }
| 
| /* Allocates the stack if it does not exist.
|  *  Guarantees space for at least one push.
|  */
| static void yyensure_buffer_stack (void)
| {
| 	int num_to_alloc;
|     
| 	if (!(yy_buffer_stack)) {
| 
| 		/* First allocation is just for 2 elements, since we don't know if this
| 		 * scanner will even need a stack. We use 2 instead of 1 to avoid an
| 		 * immediate realloc on the next call.
|          */
| 		num_to_alloc = 1;
| 		(yy_buffer_stack) = (struct yy_buffer_state**)yyalloc
| 								(num_to_alloc * sizeof(struct yy_buffer_state*)
| 								);
| 		if ( ! (yy_buffer_stack) )
| 			YY_FATAL_ERROR( "out of dynamic memory in yyensure_buffer_stack()" );
| 								  
| 		memset((yy_buffer_stack), 0, num_to_alloc * sizeof(struct yy_buffer_state*));
| 				
| 		(yy_buffer_stack_max) = num_to_alloc;
| 		(yy_buffer_stack_top) = 0;
| 		return;
| 	}
| 
| 	if ((yy_buffer_stack_top) >= ((yy_buffer_stack_max)) - 1){
| 
| 		/* Increase the buffer to prepare for a possible push. */
| 		int grow_size = 8 /* arbitrary grow size */;
| 
| 		num_to_alloc = (yy_buffer_stack_max) + grow_size;
| 		(yy_buffer_stack) = (struct yy_buffer_state**)yyrealloc
| 								((yy_buffer_stack),
| 								num_to_alloc * sizeof(struct yy_buffer_state*)
| 								);
| 		if ( ! (yy_buffer_stack) )
| 			YY_FATAL_ERROR( "out of dynamic memory in yyensure_buffer_stack()" );
| 
| 		/* zero only the new slots.*/
| 		memset((yy_buffer_stack) + (yy_buffer_stack_max), 0, grow_size * sizeof(struct yy_buffer_state*));
| 		(yy_buffer_stack_max) = num_to_alloc;
| 	}
| }
| 
| /** Setup the input buffer state to scan directly from a user-specified character buffer.
|  * @param base the character buffer
|  * @param size the size in bytes of the character buffer
|  * 
|  * @return the newly allocated buffer state object. 
|  */
| YY_BUFFER_STATE yy_scan_buffer  (char * base, yy_size_t  size )
| {
| 	YY_BUFFER_STATE b;
|     
| 	if ( size < 2 ||
| 	     base[size-2] != YY_END_OF_BUFFER_CHAR ||
| 	     base[size-1] != YY_END_OF_BUFFER_CHAR )
| 		/* They forgot to leave room for the EOB's. */
| 		return 0;
| 
| 	b = (YY_BUFFER_STATE) yyalloc(sizeof( struct yy_buffer_state )  );
| 	if ( ! b )
| 		YY_FATAL_ERROR( "out of dynamic memory in yy_scan_buffer()" );
| 
| 	b->yy_buf_size = size - 2;	/* "- 2" to take care of EOB's */
| 	b->yy_buf_pos = b->yy_ch_buf = base;
| 	b->yy_is_our_buffer = 0;
| 	b->yy_input_file = 0;
| 	b->yy_n_chars = b->yy_buf_size;
| 	b->yy_is_interactive = 0;
| 	b->yy_at_bol = 1;
| 	b->yy_fill_buffer = 0;
| 	b->yy_buffer_status = YY_BUFFER_NEW;
| 
| 	yy_switch_to_buffer(b  );
| 
| 	return b;
| }
| 
| /** Setup the input buffer state to scan a string. The next call to yylex() will
|  * scan from a @e copy of @a str.
|  * @param yystr a NUL-terminated string to scan
|  * 
|  * @return the newly allocated buffer state object.
|  * @note If you want to scan bytes that may contain NUL values, then use
|  *       yy_scan_bytes() instead.
|  */
| YY_BUFFER_STATE yy_scan_string (yyconst char * yystr )
| {
|     
| 	return yy_scan_bytes(yystr,strlen(yystr) );
| }
| 
| /** Setup the input buffer state to scan the given bytes. The next call to yylex() will
|  * scan from a @e copy of @a bytes.
|  * @param bytes the byte buffer to scan
|  * @param len the number of bytes in the buffer pointed to by @a bytes.
|  * 
|  * @return the newly allocated buffer state object.
|  */
| YY_BUFFER_STATE yy_scan_bytes  (yyconst char * yybytes, int  _yybytes_len )
| {
| 	YY_BUFFER_STATE b;
| 	char *buf;
| 	yy_size_t n;
| 	int i;
|     
| 	/* Get memory for full buffer, including space for trailing EOB's. */
| 	n = _yybytes_len + 2;
| 	buf = (char *) yyalloc(n  );
| 	if ( ! buf )
| 		YY_FATAL_ERROR( "out of dynamic memory in yy_scan_bytes()" );
| 
| 	for ( i = 0; i < _yybytes_len; ++i )
| 		buf[i] = yybytes[i];
| 
| 	buf[_yybytes_len] = buf[_yybytes_len+1] = YY_END_OF_BUFFER_CHAR;
| 
| 	b = yy_scan_buffer(buf,n );
| 	if ( ! b )
| 		YY_FATAL_ERROR( "bad buffer in yy_scan_bytes()" );
| 
| 	/* It's okay to grow etc. this buffer, and we should throw it
| 	 * away when we're done.
| 	 */
| 	b->yy_is_our_buffer = 1;
| 
| 	return b;
| }
| 
| #ifndef YY_EXIT_FAILURE
| #define YY_EXIT_FAILURE 2
| #endif
| 
| static void yy_fatal_error (yyconst char* msg )
| {
|     	(void) fprintf( stderr, "%s\n", msg );
| 	exit( YY_EXIT_FAILURE );
| }
| 
| /* Redefine yyless() so it works in section 3 code. */
| 
| #undef yyless
| #define yyless(n) \
| 	do \
| 		{ \
| 		/* Undo effects of setting up yytext. */ \
|         int yyless_macro_arg = (n); \
|         YY_LESS_LINENO(yyless_macro_arg);\
| 		yytext[yyleng] = (yy_hold_char); \
| 		(yy_c_buf_p) = yytext + yyless_macro_arg; \
| 		(yy_hold_char) = *(yy_c_buf_p); \
| 		*(yy_c_buf_p) = '\0'; \
| 		yyleng = yyless_macro_arg; \
| 		} \
| 	while ( 0 )
| 
| /* Accessor  methods (get/set functions) to struct members. */
| 
| /** Get the current line number.
|  * 
|  */
| int yyget_lineno  (void)
| {
|         
|     return yylineno;
| }
| 
| /** Get the input stream.
|  * 
|  */
| FILE *yyget_in  (void)
| {
|         return yyin;
| }
| 
| /** Get the output stream.
|  * 
|  */
| FILE *yyget_out  (void)
| {
|         return yyout;
| }
| 
| /** Get the length of the current token.
|  * 
|  */
| int yyget_leng  (void)
| {
|         return yyleng;
| }
| 
| /** Get the current token.
|  * 
|  */
| 
| char *yyget_text  (void)
| {
|         return yytext;
| }
| 
| /** Set the current line number.
|  * @param line_number
|  * 
|  */
| void yyset_lineno (int  line_number )
| {
|     
|     yylineno = line_number;
| }
| 
| /** Set the input stream. This does not discard the current
|  * input buffer.
|  * @param in_str A readable stream.
|  * 
|  * @see yy_switch_to_buffer
|  */
| void yyset_in (FILE *  in_str )
| {
|         yyin = in_str ;
| }
| 
| void yyset_out (FILE *  out_str )
| {
|         yyout = out_str ;
| }
| 
| int yyget_debug  (void)
| {
|         return yy_flex_debug;
| }
| 
| void yyset_debug (int  bdebug )
| {
|         yy_flex_debug = bdebug ;
| }
| 
| static int yy_init_globals (void)
| {
|         /* Initialization is the same as for the non-reentrant scanner.
|      * This function is called from yylex_destroy(), so don't allocate here.
|      */
| 
|     (yy_buffer_stack) = 0;
|     (yy_buffer_stack_top) = 0;
|     (yy_buffer_stack_max) = 0;
|     (yy_c_buf_p) = (char *) 0;
|     (yy_init) = 0;
|     (yy_start) = 0;
| 
|     (yy_state_buf) = 0;
|     (yy_state_ptr) = 0;
|     (yy_full_match) = 0;
|     (yy_lp) = 0;
| 
| /* Defined in main.c */
| #ifdef YY_STDINIT
|     yyin = stdin;
|     yyout = stdout;
| #else
|     yyin = (FILE *) 0;
|     yyout = (FILE *) 0;
| #endif
| 
|     /* For future reference: Set errno on error, since we are called by
|      * yylex_init()
|      */
|     return 0;
| }
| 
| /* yylex_destroy is for both reentrant and non-reentrant scanners. */
| int yylex_destroy  (void)
| {
|     
|     /* Pop the buffer stack, destroying each element. */
| 	while(YY_CURRENT_BUFFER){
| 		yy_delete_buffer(YY_CURRENT_BUFFER  );
| 		YY_CURRENT_BUFFER_LVALUE = NULL;
| 		yypop_buffer_state();
| 	}
| 
| 	/* Destroy the stack itself. */
| 	yyfree((yy_buffer_stack) );
| 	(yy_buffer_stack) = NULL;
| 
|     yyfree ( (yy_state_buf) );
|     (yy_state_buf)  = NULL;
| 
|     /* Reset the globals. This is important in a non-reentrant scanner so the next time
|      * yylex() is called, initialization will occur. */
|     yy_init_globals( );
| 
|     return 0;
| }
| 
| /*
|  * Internal utility routines.
|  */
| 
| #ifndef yytext_ptr
| static void yy_flex_strncpy (char* s1, yyconst char * s2, int n )
| {
| 	register int i;
| 	for ( i = 0; i < n; ++i )
| 		s1[i] = s2[i];
| }
| #endif
| 
| #ifdef YY_NEED_STRLEN
| static int yy_flex_strlen (yyconst char * s )
| {
| 	register int n;
| 	for ( n = 0; s[n]; ++n )
| 		;
| 
| 	return n;
| }
| #endif
| 
| void *yyalloc (yy_size_t  size )
| {
| 	return (void *) malloc( size );
| }
| 
| void *yyrealloc  (void * ptr, yy_size_t  size )
| {
| 	/* The cast to (char *) in the following accommodates both
| 	 * implementations that use char* generic pointers, and those
| 	 * that use void* generic pointers.  It works with the latter
| 	 * because both ANSI C and C++ allow castless assignment from
| 	 * any pointer type to void*, and deal with argument conversions
| 	 * as though doing an assignment.
| 	 */
| 	return (void *) realloc( (char *) ptr, size );
| }
| 
| void yyfree (void * ptr )
| {
| 	free( (char *) ptr );	/* see yyrealloc() for (char *) cast */
| }
| 
| #define YYTABLES_NAME "yytables"
| 
| #line 9 "conftest.l"
| 
| 
| #ifdef YYTEXT_POINTER
| extern char *yytext;
| #endif
| int
| main (void)
| {
|   return ! yylex () + ! yywrap ();
| }
configure:3595: icc -o conftest -O3 -xAVX  -xT conftest.c -lfl  >&5
icc: command line remark #10279: option '-xT' is deprecated and will be removed in a future release. See '-help deprecated'
icc: command line warning #10121: overriding '-xAVX' with '-xT'
configure:3601: $? = 0
configure:3622: result: -lfl
configure:3628: checking whether yytext is a pointer
configure:3649: icc -o conftest -O3 -xAVX  -xT conftest.c -lfl  >&5
icc: command line remark #10279: option '-xT' is deprecated and will be removed in a future release. See '-help deprecated'
icc: command line warning #10121: overriding '-xAVX' with '-xT'
configure:3655: $? = 0
configure:3674: result: yes
configure:3688: checking for m4 preprocessor...
configure:3695: checking for m4
configure:3711: found /usr/bin/m4
configure:3722: result: m4
configure:3778: checking m4 flags
configure:3783: result: -B10000
configure:3835: checking for gcc
configure:3862: result: icc
configure:4100: checking for C compiler version
configure:4107: icc --version >&5
icc (ICC) 13.0.1 20121010
Copyright (C) 1985-2012 Intel Corporation.  All rights reserved.

configure:4110: $? = 0
configure:4117: icc -v >&5
icc version 13.0.1 (gcc version 4.4.6 compatibility)
configure:4120: $? = 0
configure:4127: icc -V >&5
Intel(R) C Intel(R) 64 Compiler XE for applications running on Intel(R) 64, Version 13.0.1.117 Build 20121010
Copyright (C) 1985-2012 Intel Corporation.  All rights reserved.

configure:4130: $? = 0
configure:4133: checking whether we are using the GNU C compiler
configure:4185: result: yes
configure:4190: checking whether icc accepts -g
configure:4325: result: yes
configure:4342: checking for icc option to accept ISO C89
configure:4445: result: none needed
configure:4477: checking user-defined Fortran-77 compiler "ifort"
configure:4484: ifort -c -O3 -xAVX conftest.f
configure:4487: $? = 0
configure:4489: result: works
configure:4669: checking for Fortran .F compiler
configure:4671: result: 
configure:4680: checking if Fortran-77 compiler handles *.F files
configure:4692: ifort -o conftest -O3 -xAVX conftest.F 
configure:4695: $? = 0
configure:4698: result: yes
configure:4736: checking how to make dependencies
configure:4771: result: false
configure:4780: checking for nm utility...
configure:4787: checking for nm
configure:4803: found /usr/bin/nm
configure:4814: result: nm
configure:4870: checking nm flags
configure:4875: result: 
configure:4887: checking for C-equivalent to Fortran routine "SUB"
configure:4894: ifort -c -O3 -xAVX conftest.f
configure:4897: $? = 0
configure:4909: result: sub_
configure:4924: checking for math library...
configure:4928: checking for tanh in -lc
configure:4963: icc -o conftest -O3 -xAVX  -xT conftest.c -lc   >&5
icc: command line remark #10279: option '-xT' is deprecated and will be removed in a future release. See '-help deprecated'
icc: command line warning #10121: overriding '-xAVX' with '-xT'
configure:4969: $? = 0
configure:4987: result: yes
configure:5070: checking for ar utility...
configure:5077: checking for ar
configure:5093: found /usr/bin/ar
configure:5104: result: ar
configure:5160: checking ar flags
configure:5165: result: cru
configure:5170: checking for nm utility...
configure:5220: checking for nm
configure:5247: result: nm
configure:5260: checking nm flags
configure:5265: result: 
configure:5315: checking for ranlib
configure:5331: found /usr/bin/ranlib
configure:5342: result: ranlib
configure:5385: checking for C-equivalent to Fortran routine "SUB_A"
configure:5392: ifort -c -O3 -xAVX conftest.f
configure:5395: $? = 0
configure:5408: result: sub_a_
configure:5536: checking MPI-IO support in MPI implementation
configure:5563: mpiicc -c -O3 -xAVX  conftest.c >&5
configure:5569: $? = 0
configure:5574: result: yes
configure:5608: checking for sys/types.h
configure:5629: icc -c -O3 -xAVX  conftest.c >&5
configure:5635: $? = 0
configure:5651: result: yes
configure:5608: checking for sys/stat.h
configure:5629: icc -c -O3 -xAVX  conftest.c >&5
configure:5635: $? = 0
configure:5651: result: yes
configure:5608: checking for stdlib.h
configure:5629: icc -c -O3 -xAVX  conftest.c >&5
configure:5635: $? = 0
configure:5651: result: yes
configure:5608: checking for string.h
configure:5629: icc -c -O3 -xAVX  conftest.c >&5
configure:5635: $? = 0
configure:5651: result: yes
configure:5608: checking for memory.h
configure:5629: icc -c -O3 -xAVX  conftest.c >&5
configure:5635: $? = 0
configure:5651: result: yes
configure:5608: checking for strings.h
configure:5629: icc -c -O3 -xAVX  conftest.c >&5
configure:5635: $? = 0
configure:5651: result: yes
configure:5608: checking for inttypes.h
configure:5629: icc -c -O3 -xAVX  conftest.c >&5
configure:5635: $? = 0
configure:5651: result: yes
configure:5608: checking for stdint.h
configure:5629: icc -c -O3 -xAVX  conftest.c >&5
configure:5635: $? = 0
configure:5651: result: yes
configure:5608: checking for unistd.h
configure:5629: icc -c -O3 -xAVX  conftest.c >&5
configure:5635: $? = 0
configure:5651: result: yes
configure:5669: checking for stdlib.h
configure:5675: result: yes
configure:5669: checking for sys/types.h
configure:5675: result: yes
configure:5805: checking for strerror
configure:5861: icc -o conftest -O3 -xAVX  -xT conftest.c  >&5
icc: command line remark #10279: option '-xT' is deprecated and will be removed in a future release. See '-help deprecated'
icc: command line warning #10121: overriding '-xAVX' with '-xT'
configure:5867: $? = 0
configure:5884: result: yes
configure:5897: checking for working alloca.h
configure:5924: icc -o conftest -O3 -xAVX  -xT conftest.c  >&5
icc: command line remark #10279: option '-xT' is deprecated and will be removed in a future release. See '-help deprecated'
icc: command line warning #10121: overriding '-xAVX' with '-xT'
configure:5930: $? = 0
configure:5947: result: yes
configure:5957: checking for alloca
configure:6004: icc -o conftest -O3 -xAVX  -xT conftest.c  >&5
icc: command line remark #10279: option '-xT' is deprecated and will be removed in a future release. See '-help deprecated'
icc: command line warning #10121: overriding '-xAVX' with '-xT'
configure:6010: $? = 0
configure:6027: result: yes
configure:6254: checking for struct stat.st_blksize
configure:6282: icc -c -O3 -xAVX  conftest.c >&5
configure:6288: $? = 0
configure:6345: result: yes
configure:6362: checking for IEEE floating point format
configure:6410: icc -o conftest -O3 -xAVX  -xT conftest.c  >&5
icc: command line remark #10279: option '-xT' is deprecated and will be removed in a future release. See '-help deprecated'
icc: command line warning #10121: overriding '-xAVX' with '-xT'
configure:6413: $? = 0
configure:6419: ./conftest
configure:6422: $? = 0
configure:6437: result: yes
configure:6446: checking for size_t
configure:6476: icc -c -O3 -xAVX  conftest.c >&5
configure:6482: $? = 0
configure:6497: result: yes
configure:6518: checking if MPI_Offset is size 8
configure:6536: mpiicc -c -O3 -xAVX  conftest.c >&5
configure:6542: $? = 0
configure:6547: result: yes
configure:6654: checking if MPI_Aint is size 8
configure:6672: mpiicc -c -O3 -xAVX  conftest.c >&5
configure:6678: $? = 0
configure:6683: result: yes
configure:6808: checking for MPI_Info_dup
configure:6864: mpiicc -o conftest -O3 -xAVX  -xT conftest.c  >&5
icc: command line remark #10279: option '-xT' is deprecated and will be removed in a future release. See '-help deprecated'
icc: command line warning #10121: overriding '-xAVX' with '-xT'
configure:6870: $? = 0
configure:6888: result: yes
configure:6808: checking for MPI_Info_free
configure:6864: mpiicc -o conftest -O3 -xAVX  -xT conftest.c  >&5
icc: command line remark #10279: option '-xT' is deprecated and will be removed in a future release. See '-help deprecated'
icc: command line warning #10121: overriding '-xAVX' with '-xT'
configure:6870: $? = 0
configure:6888: result: yes
configure:6906: checking for MPI_Request_get_status
configure:6962: mpiicc -o conftest -O3 -xAVX  -xT conftest.c  >&5
icc: command line remark #10279: option '-xT' is deprecated and will be removed in a future release. See '-help deprecated'
icc: command line warning #10121: overriding '-xAVX' with '-xT'
configure:6968: $? = 0
configure:6986: result: yes
configure:6906: checking for MPI_Type_dup
configure:6962: mpiicc -o conftest -O3 -xAVX  -xT conftest.c  >&5
icc: command line remark #10279: option '-xT' is deprecated and will be removed in a future release. See '-help deprecated'
icc: command line warning #10121: overriding '-xAVX' with '-xT'
configure:6968: $? = 0
configure:6986: result: yes
configure:7022: checking if MPI includes MPI_COMBINER_DUP
configure:7045: mpiicc -c -O3 -xAVX  conftest.c >&5
configure:7051: $? = 0
configure:7056: result: yes
configure:7076: checking if MPI includes MPI_COMBINER_HVECTOR_INTEGER
configure:7099: mpiicc -c -O3 -xAVX  conftest.c >&5
configure:7105: $? = 0
configure:7110: result: yes
configure:7130: checking if MPI includes MPI_COMBINER_HINDEXED_INTEGER
configure:7153: mpiicc -c -O3 -xAVX  conftest.c >&5
configure:7159: $? = 0
configure:7164: result: yes
configure:7184: checking if MPI includes MPI_COMBINER_SUBARRAY
configure:7207: mpiicc -c -O3 -xAVX  conftest.c >&5
configure:7213: $? = 0
configure:7218: result: yes
configure:7238: checking if MPI includes MPI_COMBINER_DARRAY
configure:7261: mpiicc -c -O3 -xAVX  conftest.c >&5
configure:7267: $? = 0
configure:7272: result: yes
configure:7292: checking if MPI includes MPI_COMBINER_RESIZED
configure:7315: mpiicc -c -O3 -xAVX  conftest.c >&5
configure:7321: $? = 0
configure:7326: result: yes
configure:7346: checking if MPI includes MPI_COMBINER_STRUCT_INTEGER
configure:7369: mpiicc -c -O3 -xAVX  conftest.c >&5
configure:7375: $? = 0
configure:7380: result: yes
configure:7400: checking if MPI includes MPI_COMBINER_INDEXED_BLOCK
configure:7423: mpiicc -c -O3 -xAVX  conftest.c >&5
configure:7429: $? = 0
configure:7434: result: yes
configure:7454: checking if MPI includes MPI_COMBINER_F90_REAL
configure:7477: mpiicc -c -O3 -xAVX  conftest.c >&5
configure:7483: $? = 0
configure:7488: result: yes
configure:7508: checking if MPI includes MPI_COMBINER_F90_INTEGER
configure:7531: mpiicc -c -O3 -xAVX  conftest.c >&5
configure:7537: $? = 0
configure:7542: result: yes
configure:7562: checking if MPI includes MPI_COMBINER_F90_COMPLEX
configure:7585: mpiicc -c -O3 -xAVX  conftest.c >&5
configure:7591: $? = 0
configure:7596: result: yes
configure:7617: checking if MPI-IO supports resized combiner
configure:7674: mpiicc -o conftest -O3 -xAVX  -xT conftest.c  >&5
icc: command line remark #10279: option '-xT' is deprecated and will be removed in a future release. See '-help deprecated'
icc: command line warning #10121: overriding '-xAVX' with '-xT'
configure:7677: $? = 0
configure:7683: ./conftest
configure:7686: $? = 0
configure:7693: result: yes
configure:7715: checking if MPI includes MPI_CHARACTER
configure:7738: mpiicc -c -O3 -xAVX  conftest.c >&5
configure:7744: $? = 0
configure:7749: result: yes
configure:7769: checking if MPI includes MPI_REAL
configure:7792: mpiicc -c -O3 -xAVX  conftest.c >&5
configure:7798: $? = 0
configure:7803: result: yes
configure:7823: checking if MPI includes MPI_INTEGER
configure:7846: mpiicc -c -O3 -xAVX  conftest.c >&5
configure:7852: $? = 0
configure:7857: result: yes
configure:7877: checking if MPI includes MPI_DOUBLE_PRECISION
configure:7900: mpiicc -c -O3 -xAVX  conftest.c >&5
configure:7906: $? = 0
configure:7911: result: yes
configure:7931: checking if MPI includes MPI_INTEGER1
configure:7954: mpiicc -c -O3 -xAVX  conftest.c >&5
configure:7960: $? = 0
configure:7965: result: yes
configure:7985: checking if MPI includes MPI_INTEGER2
configure:8008: mpiicc -c -O3 -xAVX  conftest.c >&5
configure:8014: $? = 0
configure:8019: result: yes
configure:8039: checking if MPI includes MPI_INTEGER4
configure:8062: mpiicc -c -O3 -xAVX  conftest.c >&5
configure:8068: $? = 0
configure:8073: result: yes
configure:8093: checking if MPI includes MPI_INTEGER8
configure:8116: mpiicc -c -O3 -xAVX  conftest.c >&5
configure:8122: $? = 0
configure:8127: result: yes
configure:8147: checking if MPI includes MPI_INTEGER16
configure:8170: mpiicc -c -O3 -xAVX  conftest.c >&5
configure:8176: $? = 0
configure:8181: result: yes
configure:8201: checking if MPI includes MPI_REAL4
configure:8224: mpiicc -c -O3 -xAVX  conftest.c >&5
configure:8230: $? = 0
configure:8235: result: yes
configure:8255: checking if MPI includes MPI_REAL8
configure:8278: mpiicc -c -O3 -xAVX  conftest.c >&5
configure:8284: $? = 0
configure:8289: result: yes
configure:8309: checking if MPI includes MPI_REAL16
configure:8332: mpiicc -c -O3 -xAVX  conftest.c >&5
configure:8338: $? = 0
configure:8343: result: yes
configure:8363: checking if MPI includes MPI_COMPLEX8
configure:8386: mpiicc -c -O3 -xAVX  conftest.c >&5
configure:8392: $? = 0
configure:8397: result: yes
configure:8417: checking if MPI includes MPI_COMPLEX16
configure:8440: mpiicc -c -O3 -xAVX  conftest.c >&5
configure:8446: $? = 0
configure:8451: result: yes
configure:8471: checking if MPI includes MPI_COMPLEX32
configure:8494: mpiicc -c -O3 -xAVX  conftest.c >&5
configure:8500: $? = 0
configure:8505: result: yes
configure:8525: checking if MPI includes MPI_UB
configure:8548: mpiicc -c -O3 -xAVX  conftest.c >&5
configure:8554: $? = 0
configure:8559: result: yes
configure:8579: checking if MPI includes MPI_LB
configure:8602: mpiicc -c -O3 -xAVX  conftest.c >&5
configure:8608: $? = 0
configure:8613: result: yes
configure:8635: checking for off_t
configure:8665: icc -c -O3 -xAVX  conftest.c >&5
configure:8671: $? = 0
configure:8686: result: yes
configure:8698: checking for ssize_t
configure:8728: icc -c -O3 -xAVX  conftest.c >&5
configure:8734: $? = 0
configure:8749: result: yes
configure:8759: checking for ptrdiff_t
configure:8789: icc -c -O3 -xAVX  conftest.c >&5
configure:8795: $? = 0
configure:8810: result: yes
configure:8820: checking for uchar
configure:8850: icc -c -O3 -xAVX  conftest.c >&5
conftest.c(101): error: identifier "uchar" is undefined
  typedef uchar ac__type_new_;
          ^

compilation aborted for conftest.c (code 2)
configure:8856: $? = 2
configure: failed program was:
| /* confdefs.h.  */
| #define PACKAGE_NAME ""
| #define PACKAGE_TARNAME ""
| #define PACKAGE_VERSION ""
| #define PACKAGE_STRING ""
| #define PACKAGE_BUGREPORT ""
| #define PNETCDF_VERSION_MAJOR 1
| #define PNETCDF_VERSION_MINOR 2
| #define PNETCDF_VERSION_SUB 0
| #define PNETCDF_VERSION_PRE 
| #define PNETCDF_VERSION "1.2.0"
| #define STDC_HEADERS 1
| #define YYTEXT_POINTER 1
| #define F77_NAME_LOWER_USCORE
| #define HAVE_SYS_TYPES_H 1
| #define HAVE_SYS_STAT_H 1
| #define HAVE_STDLIB_H 1
| #define HAVE_STRING_H 1
| #define HAVE_MEMORY_H 1
| #define HAVE_STRINGS_H 1
| #define HAVE_INTTYPES_H 1
| #define HAVE_STDINT_H 1
| #define HAVE_UNISTD_H 1
| #define HAVE_STDLIB_H 1
| #define HAVE_SYS_TYPES_H 1
| #define HAVE_ALLOCA_H 1
| #define HAVE_ALLOCA 1
| #define HAVE_STRUCT_STAT_ST_BLKSIZE 1
| #define HAVE_ST_BLKSIZE 1
| #define ENABLE_CDF5
| #define HAVE_MPI_INFO_DUP 1
| #define HAVE_MPI_INFO_FREE 1
| #define HAVE_MPI_REQUEST_GET_STATUS 1
| #define HAVE_MPI_TYPE_DUP 1
| #define ENABLE_NONBLOCKING
| #define HAVE_MPI_COMBINER_DUP 1
| #define HAVE_MPI_COMBINER_HVECTOR_INTEGER 1
| #define HAVE_MPI_COMBINER_HINDEXED_INTEGER 1
| #define HAVE_MPI_COMBINER_SUBARRAY 1
| #define HAVE_MPI_COMBINER_DARRAY 1
| #define HAVE_MPI_COMBINER_RESIZED 1
| #define HAVE_MPI_COMBINER_STRUCT_INTEGER 1
| #define HAVE_MPI_COMBINER_INDEXED_BLOCK 1
| #define HAVE_MPI_COMBINER_F90_REAL 1
| #define HAVE_MPI_COMBINER_F90_INTEGER 1
| #define HAVE_MPI_COMBINER_F90_COMPLEX 1
| #define HAVE_MPI_RESIZED_SUPPORT 1
| #define HAVE_MPI_CHARACTER 1
| #define HAVE_MPI_REAL 1
| #define HAVE_MPI_INTEGER 1
| #define HAVE_MPI_DOUBLE_PRECISION 1
| #define HAVE_MPI_INTEGER1 1
| #define HAVE_MPI_INTEGER2 1
| #define HAVE_MPI_INTEGER4 1
| #define HAVE_MPI_INTEGER8 1
| #define HAVE_MPI_INTEGER16 1
| #define HAVE_MPI_REAL4 1
| #define HAVE_MPI_REAL8 1
| #define HAVE_MPI_REAL16 1
| #define HAVE_MPI_COMPLEX8 1
| #define HAVE_MPI_COMPLEX16 1
| #define HAVE_MPI_COMPLEX32 1
| #define HAVE_MPI_UB 1
| #define HAVE_MPI_LB 1
| #define HAVE_SSIZE_T 1
| #define HAVE_PTRDIFF_T 1
| /* end confdefs.h.  */
| #include <stdio.h>
| #ifdef HAVE_SYS_TYPES_H
| # include <sys/types.h>
| #endif
| #ifdef HAVE_SYS_STAT_H
| # include <sys/stat.h>
| #endif
| #ifdef STDC_HEADERS
| # include <stdlib.h>
| # include <stddef.h>
| #else
| # ifdef HAVE_STDLIB_H
| #  include <stdlib.h>
| # endif
| #endif
| #ifdef HAVE_STRING_H
| # if !defined STDC_HEADERS && defined HAVE_MEMORY_H
| #  include <memory.h>
| # endif
| # include <string.h>
| #endif
| #ifdef HAVE_STRINGS_H
| # include <strings.h>
| #endif
| #ifdef HAVE_INTTYPES_H
| # include <inttypes.h>
| #endif
| #ifdef HAVE_STDINT_H
| # include <stdint.h>
| #endif
| #ifdef HAVE_UNISTD_H
| # include <unistd.h>
| #endif
| typedef uchar ac__type_new_;
| int
| main ()
| {
| if ((ac__type_new_ *) 0)
|   return 0;
| if (sizeof (ac__type_new_))
|   return 0;
|   ;
|   return 0;
| }
configure:8871: result: no
configure:8883: checking whether char is unsigned
configure:8911: icc -c -O3 -xAVX  conftest.c >&5
configure:8917: $? = 0
configure:8932: result: no
configure:8941: checking whether byte ordering is bigendian
configure:8974: icc -c -O3 -xAVX  conftest.c >&5
configure:8980: $? = 0
configure:9012: icc -c -O3 -xAVX  conftest.c >&5
conftest.c(75): error: identifier "not" is undefined
   not big endian
   ^

conftest.c(75): error: expected a ";"
   not big endian
           ^

conftest.c(78): warning #12: parsing restarts here after previous syntax error
    ;
    ^

compilation aborted for conftest.c (code 2)
configure:9018: $? = 2
configure: failed program was:
| /* confdefs.h.  */
| #define PACKAGE_NAME ""
| #define PACKAGE_TARNAME ""
| #define PACKAGE_VERSION ""
| #define PACKAGE_STRING ""
| #define PACKAGE_BUGREPORT ""
| #define PNETCDF_VERSION_MAJOR 1
| #define PNETCDF_VERSION_MINOR 2
| #define PNETCDF_VERSION_SUB 0
| #define PNETCDF_VERSION_PRE 
| #define PNETCDF_VERSION "1.2.0"
| #define STDC_HEADERS 1
| #define YYTEXT_POINTER 1
| #define F77_NAME_LOWER_USCORE
| #define HAVE_SYS_TYPES_H 1
| #define HAVE_SYS_STAT_H 1
| #define HAVE_STDLIB_H 1
| #define HAVE_STRING_H 1
| #define HAVE_MEMORY_H 1
| #define HAVE_STRINGS_H 1
| #define HAVE_INTTYPES_H 1
| #define HAVE_STDINT_H 1
| #define HAVE_UNISTD_H 1
| #define HAVE_STDLIB_H 1
| #define HAVE_SYS_TYPES_H 1
| #define HAVE_ALLOCA_H 1
| #define HAVE_ALLOCA 1
| #define HAVE_STRUCT_STAT_ST_BLKSIZE 1
| #define HAVE_ST_BLKSIZE 1
| #define ENABLE_CDF5
| #define HAVE_MPI_INFO_DUP 1
| #define HAVE_MPI_INFO_FREE 1
| #define HAVE_MPI_REQUEST_GET_STATUS 1
| #define HAVE_MPI_TYPE_DUP 1
| #define ENABLE_NONBLOCKING
| #define HAVE_MPI_COMBINER_DUP 1
| #define HAVE_MPI_COMBINER_HVECTOR_INTEGER 1
| #define HAVE_MPI_COMBINER_HINDEXED_INTEGER 1
| #define HAVE_MPI_COMBINER_SUBARRAY 1
| #define HAVE_MPI_COMBINER_DARRAY 1
| #define HAVE_MPI_COMBINER_RESIZED 1
| #define HAVE_MPI_COMBINER_STRUCT_INTEGER 1
| #define HAVE_MPI_COMBINER_INDEXED_BLOCK 1
| #define HAVE_MPI_COMBINER_F90_REAL 1
| #define HAVE_MPI_COMBINER_F90_INTEGER 1
| #define HAVE_MPI_COMBINER_F90_COMPLEX 1
| #define HAVE_MPI_RESIZED_SUPPORT 1
| #define HAVE_MPI_CHARACTER 1
| #define HAVE_MPI_REAL 1
| #define HAVE_MPI_INTEGER 1
| #define HAVE_MPI_DOUBLE_PRECISION 1
| #define HAVE_MPI_INTEGER1 1
| #define HAVE_MPI_INTEGER2 1
| #define HAVE_MPI_INTEGER4 1
| #define HAVE_MPI_INTEGER8 1
| #define HAVE_MPI_INTEGER16 1
| #define HAVE_MPI_REAL4 1
| #define HAVE_MPI_REAL8 1
| #define HAVE_MPI_REAL16 1
| #define HAVE_MPI_COMPLEX8 1
| #define HAVE_MPI_COMPLEX16 1
| #define HAVE_MPI_COMPLEX32 1
| #define HAVE_MPI_UB 1
| #define HAVE_MPI_LB 1
| #define HAVE_SSIZE_T 1
| #define HAVE_PTRDIFF_T 1
| /* end confdefs.h.  */
| #include <sys/types.h>
| #include <sys/param.h>
| 
| int
| main ()
| {
| #if BYTE_ORDER != BIG_ENDIAN
|  not big endian
| #endif
| 
|   ;
|   return 0;
| }
configure:9158: result: no
configure:9177: checking for short
configure:9207: icc -c -O3 -xAVX  conftest.c >&5
configure:9213: $? = 0
configure:9228: result: yes
configure:9235: checking size of short
configure:9537: icc -o conftest -O3 -xAVX  -xT conftest.c  >&5
icc: command line remark #10279: option '-xT' is deprecated and will be removed in a future release. See '-help deprecated'
icc: command line warning #10121: overriding '-xAVX' with '-xT'
configure:9540: $? = 0
configure:9546: ./conftest
configure:9549: $? = 0
configure:9572: result: 2
configure:9582: checking for int
configure:9612: icc -c -O3 -xAVX  conftest.c >&5
configure:9618: $? = 0
configure:9633: result: yes
configure:9640: checking size of int
configure:9942: icc -o conftest -O3 -xAVX  -xT conftest.c  >&5
icc: command line remark #10279: option '-xT' is deprecated and will be removed in a future release. See '-help deprecated'
icc: command line warning #10121: overriding '-xAVX' with '-xT'
configure:9945: $? = 0
configure:9951: ./conftest
configure:9954: $? = 0
configure:9977: result: 4
configure:9987: checking for long
configure:10017: icc -c -O3 -xAVX  conftest.c >&5
configure:10023: $? = 0
configure:10038: result: yes
configure:10045: checking size of long
configure:10347: icc -o conftest -O3 -xAVX  -xT conftest.c  >&5
icc: command line remark #10279: option '-xT' is deprecated and will be removed in a future release. See '-help deprecated'
icc: command line warning #10121: overriding '-xAVX' with '-xT'
configure:10350: $? = 0
configure:10356: ./conftest
configure:10359: $? = 0
configure:10382: result: 8
configure:10392: checking for float
configure:10422: icc -c -O3 -xAVX  conftest.c >&5
configure:10428: $? = 0
configure:10443: result: yes
configure:10450: checking size of float
configure:10752: icc -o conftest -O3 -xAVX  -xT conftest.c  >&5
icc: command line remark #10279: option '-xT' is deprecated and will be removed in a future release. See '-help deprecated'
icc: command line warning #10121: overriding '-xAVX' with '-xT'
configure:10755: $? = 0
configure:10761: ./conftest
configure:10764: $? = 0
configure:10787: result: 4
configure:10797: checking for double
configure:10827: icc -c -O3 -xAVX  conftest.c >&5
configure:10833: $? = 0
configure:10848: result: yes
configure:10855: checking size of double
configure:11157: icc -o conftest -O3 -xAVX  -xT conftest.c  >&5
icc: command line remark #10279: option '-xT' is deprecated and will be removed in a future release. See '-help deprecated'
icc: command line warning #10121: overriding '-xAVX' with '-xT'
configure:11160: $? = 0
configure:11166: ./conftest
configure:11169: $? = 0
configure:11192: result: 8
configure:11202: checking for size_t
configure:11253: result: yes
configure:11260: checking size of size_t
configure:11562: icc -o conftest -O3 -xAVX  -xT conftest.c  >&5
icc: command line remark #10279: option '-xT' is deprecated and will be removed in a future release. See '-help deprecated'
icc: command line warning #10121: overriding '-xAVX' with '-xT'
configure:11565: $? = 0
configure:11571: ./conftest
configure:11574: $? = 0
configure:11597: result: 8
configure:11608: checking sizeof MPI_Offset
configure:11647: result: 8
configure:11666: checking for Fortran "byte"
configure:11674: ifort -c -O3 -xAVX conftest.f
configure:11677: $? = 0
configure:11679: result: yes
configure:11696: checking for Fortran "integer*2"
configure:11704: ifort -c -O3 -xAVX conftest.f
configure:11707: $? = 0
configure:11709: result: yes
configure:11735: checking if Fortran "byte" is C "signed char"
configure:11745: icc -c  -O3 -xAVX conftest.c
configure:11748: $? = 0
configure:11751: ifort -O3 -xAVX -c conftestf.f
configure:11754: $? = 0
configure:11757: ifort -o conftest -O3 -xAVX  conftestf.o conftest.o 
configure:11760: $? = 0
configure:11763: ./conftest
configure:11766: $? = 0
configure:11768: result: yes
configure:11807: checking if Fortran "byte" is C "short"
configure:11817: icc -c  -O3 -xAVX conftest.c
configure:11820: $? = 0
configure:11823: ifort -O3 -xAVX -c conftestf.f
configure:11826: $? = 0
configure:11829: ifort -o conftest -O3 -xAVX  conftestf.o conftest.o 
configure:11832: $? = 0
configure:11835: ./conftest
configure:11838: $? = 1
configure:11850: result: no
configure:11879: checking if Fortran "byte" is C "int"
configure:11889: icc -c  -O3 -xAVX conftest.c
configure:11892: $? = 0
configure:11895: ifort -O3 -xAVX -c conftestf.f
configure:11898: $? = 0
configure:11901: ifort -o conftest -O3 -xAVX  conftestf.o conftest.o 
configure:11904: $? = 0
configure:11907: ./conftest
configure:11910: $? = 1
configure:11922: result: no
configure:11951: checking if Fortran "byte" is C "long"
configure:11961: icc -c  -O3 -xAVX conftest.c
configure:11964: $? = 0
configure:11967: ifort -O3 -xAVX -c conftestf.f
configure:11970: $? = 0
configure:11973: ifort -o conftest -O3 -xAVX  conftestf.o conftest.o 
configure:11976: $? = 0
configure:11979: ./conftest
configure:11982: $? = 1
configure:11994: result: no
configure:12027: checking if Fortran "integer*2" is C "short"
configure:12037: icc -c  -O3 -xAVX conftest.c
configure:12040: $? = 0
configure:12043: ifort -O3 -xAVX -c conftestf.f
configure:12046: $? = 0
configure:12049: ifort -o conftest -O3 -xAVX  conftestf.o conftest.o 
configure:12052: $? = 0
configure:12055: ./conftest
configure:12058: $? = 0
configure:12060: result: yes
configure:12099: checking if Fortran "integer*2" is C "int"
configure:12109: icc -c  -O3 -xAVX conftest.c
configure:12112: $? = 0
configure:12115: ifort -O3 -xAVX -c conftestf.f
configure:12118: $? = 0
configure:12121: ifort -o conftest -O3 -xAVX  conftestf.o conftest.o 
configure:12124: $? = 0
configure:12127: ./conftest
configure:12130: $? = 1
configure:12142: result: no
configure:12171: checking if Fortran "integer*2" is C "long"
configure:12181: icc -c  -O3 -xAVX conftest.c
configure:12184: $? = 0
configure:12187: ifort -O3 -xAVX -c conftestf.f
configure:12190: $? = 0
configure:12193: ifort -o conftest -O3 -xAVX  conftestf.o conftest.o 
configure:12196: $? = 0
configure:12199: ./conftest
configure:12202: $? = 1
configure:12214: result: no
configure:12245: checking if Fortran "integer" is C "int"
configure:12255: icc -c  -O3 -xAVX conftest.c
configure:12258: $? = 0
configure:12261: ifort -O3 -xAVX -c conftestf.f
configure:12264: $? = 0
configure:12267: ifort -o conftest -O3 -xAVX  conftestf.o conftest.o 
configure:12270: $? = 0
configure:12273: ./conftest
configure:12276: $? = 0
configure:12278: result: yes
configure:12317: checking if Fortran "real" is C "float"
configure:12327: icc -c  -O3 -xAVX conftest.c
configure:12330: $? = 0
configure:12333: ifort -O3 -xAVX -c conftestf.f
configure:12336: $? = 0
configure:12339: ifort -o conftest -O3 -xAVX  conftestf.o conftest.o 
configure:12342: $? = 0
configure:12345: ./conftest
configure:12348: $? = 0
configure:12350: result: yes
configure:12389: checking if Fortran "doubleprecision" is C "double"
configure:12399: icc -c  -O3 -xAVX conftest.c
configure:12402: $? = 0
configure:12405: ifort -O3 -xAVX -c conftestf.f
configure:12408: $? = 0
configure:12411: ifort -o conftest -O3 -xAVX  conftestf.o conftest.o 
configure:12414: $? = 0
configure:12417: ./conftest
configure:12420: $? = 0
configure:12422: result: yes
configure:12455: checking for Fortran-equivalent to netCDF "byte"
configure:12463: ifort -c -O3 -xAVX conftest.f
configure:12466: $? = 0
configure:12476: result: byte
configure:12482: checking for Fortran-equivalent to netCDF "short"
configure:12490: ifort -c -O3 -xAVX conftest.f
configure:12493: $? = 0
configure:12503: result: integer*2
configure:12515: checking for Fortran "integer*8"
configure:12523: ifort -c -O3 -xAVX conftest.f
configure:12526: $? = 0
configure:12528: result: yes
configure:12628: checking for manual-page index command
configure:12630: result: 
configure:12641: checking for special C compiler options needed for large files
configure:12734: result: no
configure:12740: checking for _FILE_OFFSET_BITS value needed for large files
configure:12775: icc -c -O3 -xAVX  conftest.c >&5
configure:12781: $? = 0
configure:12849: result: no
configure:12987: checking for library containing MPI_File_sync
configure:13028: mpiicc -o conftest -O3 -xAVX  -xT conftest.c  >&5
icc: command line remark #10279: option '-xT' is deprecated and will be removed in a future release. See '-help deprecated'
icc: command line warning #10121: overriding '-xAVX' with '-xT'
configure:13034: $? = 0
configure:13062: result: none required
configure:13077: checking for off_t
configure:13128: result: yes
configure:13135: checking size of off_t
configure:13437: icc -o conftest -O3 -xAVX  -xT conftest.c  >&5
icc: command line remark #10279: option '-xT' is deprecated and will be removed in a future release. See '-help deprecated'
icc: command line warning #10121: overriding '-xAVX' with '-xT'
configure:13440: $? = 0
configure:13446: ./conftest
configure:13449: $? = 0
configure:13472: result: 8
configure:13593: creating ./config.status

## ---------------------- ##
## Running config.status. ##
## ---------------------- ##

This file was extended by config.status, which was
generated by GNU Autoconf 2.61.  Invocation command line was

  CONFIG_FILES    = 
  CONFIG_HEADERS  = 
  CONFIG_LINKS    = 
  CONFIG_COMMANDS = 
  $ ./config.status 

on hyades.ucsc.edu

config.status:657: creating macros.make
config.status:657: creating Makefile
config.status:657: creating src/Makefile
config.status:657: creating test/Makefile
config.status:657: creating src/lib/Makefile
config.status:657: creating src/lib/pnetcdf.h
config.status:657: creating src/libf/Makefile
config.status:657: creating test/common/Makefile
config.status:657: creating test/test_double/Makefile
config.status:657: creating test/test_double_int/Makefile
config.status:657: creating test/test_float/Makefile
config.status:657: creating test/test_int/Makefile
config.status:657: creating test/test_dtype/Makefile
config.status:657: creating test/nc_test/Makefile
config.status:657: creating test/nf_test/Makefile
config.status:657: creating test/fandc/Makefile
config.status:657: creating src/utils/Makefile
config.status:657: creating src/utils/ncdump/Makefile
config.status:657: creating src/utils/ncdiff/Makefile
config.status:657: creating src/utils/ncgen/Makefile
config.status:657: creating test/testcases/Makefile
config.status:657: creating test/C/Makefile
config.status:657: creating test/mcoll_perf/Makefile
config.status:657: creating test/test_check_header/Makefile
config.status:657: creating test/test_inq_format/Makefile
config.status:657: creating test/largefile/Makefile
config.status:657: creating src/lib/ncconfig.h
config.status:950: src/lib/ncconfig.h is unchanged
config.status:657: creating src/libf/pnetcdf_inc
config.status:657: creating src/libf/nfconfig.inc

## ---------------- ##
## Cache variables. ##
## ---------------- ##

ac_cv_c_bigendian=no
ac_cv_c_char_unsigned=no
ac_cv_c_compiler_gnu=yes
ac_cv_c_ieeefloat=yes
ac_cv_env_CC_set=set
ac_cv_env_CC_value=icc
ac_cv_env_CFLAGS_set=set
ac_cv_env_CFLAGS_value='-O3 -xAVX'
ac_cv_env_CPPFLAGS_set=
ac_cv_env_CPPFLAGS_value=
ac_cv_env_CPP_set=
ac_cv_env_CPP_value=
ac_cv_env_LDFLAGS_set=set
ac_cv_env_LDFLAGS_value=-xT
ac_cv_env_LIBS_set=
ac_cv_env_LIBS_value=
ac_cv_env_YACC_set=
ac_cv_env_YACC_value=
ac_cv_env_YFLAGS_set=
ac_cv_env_YFLAGS_value=
ac_cv_env_build_alias_set=
ac_cv_env_build_alias_value=
ac_cv_env_host_alias_set=
ac_cv_env_host_alias_value=
ac_cv_env_target_alias_set=
ac_cv_env_target_alias_value=
ac_cv_func_MPI_Info_dup=yes
ac_cv_func_MPI_Info_free=yes
ac_cv_func_MPI_Request_get_status=yes
ac_cv_func_MPI_Type_dup=yes
ac_cv_func_alloca_works=yes
ac_cv_func_strerror=yes
ac_cv_header_inttypes_h=yes
ac_cv_header_memory_h=yes
ac_cv_header_stdc=yes
ac_cv_header_stdint_h=yes
ac_cv_header_stdlib_h=yes
ac_cv_header_string_h=yes
ac_cv_header_strings_h=yes
ac_cv_header_sys_stat_h=yes
ac_cv_header_sys_types_h=yes
ac_cv_header_unistd_h=yes
ac_cv_lib_c_tanh=yes
ac_cv_lib_lex=-lfl
ac_cv_member_struct_stat_st_blksize=yes
ac_cv_objext=o
ac_cv_path_EGREP='/bin/grep -E'
ac_cv_path_GREP=/bin/grep
ac_cv_path_install='/usr/bin/install -c'
ac_cv_prog_AR=ar
ac_cv_prog_CPP='icc -E'
ac_cv_prog_LEX=flex
ac_cv_prog_M4=m4
ac_cv_prog_NM=nm
ac_cv_prog_YACC='bison -y'
ac_cv_prog_ac_ct_CC=icc
ac_cv_prog_ac_ct_RANLIB=ranlib
ac_cv_prog_cc_c89=
ac_cv_prog_cc_g=yes
ac_cv_prog_lex_root=lex.yy
ac_cv_prog_lex_yytext_pointer=yes
ac_cv_search_MPI_File_sync='none required'
ac_cv_sizeof_MPI_Aint=8
ac_cv_sizeof_MPI_Offset=8
ac_cv_sizeof_double=8
ac_cv_sizeof_float=4
ac_cv_sizeof_int=4
ac_cv_sizeof_long=8
ac_cv_sizeof_off_t=8
ac_cv_sizeof_short=2
ac_cv_sizeof_size_t=8
ac_cv_sys_file_offset_bits=no
ac_cv_sys_largefile_CC=no
ac_cv_type_double=yes
ac_cv_type_float=yes
ac_cv_type_int=yes
ac_cv_type_long=yes
ac_cv_type_off_t=yes
ac_cv_type_ptrdiff_t=yes
ac_cv_type_short=yes
ac_cv_type_size_t=yes
ac_cv_type_ssize_t=yes
ac_cv_type_uchar=no
ac_cv_working_alloca_h=yes

## ----------------- ##
## Output variables. ##
## ----------------- ##

ALLOCA=''
AR='ar'
ARFLAGS='cru'
CC='icc'
CC_MAKEDEPEND='false'
CFLAGS='-O3 -xAVX'
COMPILE_F='$(COMPILE.f) $(FPPFLAGS)'
CPP='icc -E'
CPPFLAGS=''
DEFS='-DHAVE_CONFIG_H'
ECHO_C=''
ECHO_N='-n'
ECHO_T=''
EGREP='/bin/grep -E'
EXEEXT=''
FC='ifort'
FFLAGS='-O3 -xAVX'
FLIBS=''
FPP=''
FPPFLAGS=''
GREP='/bin/grep'
INSTALL_DATA='${INSTALL} -m 644'
INSTALL_PROGRAM='${INSTALL}'
INSTALL_SCRIPT='${INSTALL}'
LDFLAGS='-xT'
LEX='flex'
LEXLIB='-lfl'
LEX_OUTPUT_ROOT='lex.yy'
LIBOBJS=''
LIBS=''
LTLIBOBJS=''
M4='m4'
M4FLAGS='-B10000'
MAKEWHATIS_CMD=''
MATHLIB=''
MPICC='mpiicc'
MPICXX=''
MPIF77='mpiifort'
MPIF90='mpiifort'
NM='nm'
NMFLAGS=''
OBJEXT='o'
PACKAGE_BUGREPORT=''
PACKAGE_NAME=''
PACKAGE_STRING=''
PACKAGE_TARNAME=''
PACKAGE_VERSION=''
PATH_SEPARATOR=':'
PNETCDF_VERSION='1.2.0'
PNETCDF_VERSION_MAJOR='1'
PNETCDF_VERSION_MINOR='2'
PNETCDF_VERSION_PRE=''
PNETCDF_VERSION_SUB='0'
RANLIB='ranlib'
SHELL='/bin/sh'
SRCDIR='/home/pgaraud/pfs/PADDI_10.1_dist/stuff_needed/lib_src/parallel-netcdf-1.2.0'
WHATIS='whatis'
YACC='bison -y'
YFLAGS=''
ac_ct_CC='icc'
bindir='${exec_prefix}/bin'
build_alias=''
datadir='${datarootdir}'
datarootdir='${prefix}/share'
docdir='${datarootdir}/doc/${PACKAGE}'
dvidir='${docdir}'
exec_prefix='${prefix}'
has_fortran='yes'
host_alias=''
htmldir='${docdir}'
includedir='${prefix}/include'
infodir='${datarootdir}/info'
libdir='${exec_prefix}/lib'
libexecdir='${exec_prefix}/libexec'
localedir='${datarootdir}/locale'
localstatedir='${prefix}/var'
mandir='${datarootdir}/man'
oldincludedir='/usr/include'
pdfdir='${docdir}'
prefix='/home/pgaraud/pfs/PADDI_10.1_dist/stuff_needed'
prog=''
program_transform_name='s,x,x,'
psdir='${docdir}'
sbindir='${exec_prefix}/sbin'
sharedstatedir='${prefix}/com'
sysconfdir='${prefix}/etc'
target_alias=''

## ----------- ##
## confdefs.h. ##
## ----------- ##

#define PACKAGE_NAME ""
#define PACKAGE_TARNAME ""
#define PACKAGE_VERSION ""
#define PACKAGE_STRING ""
#define PACKAGE_BUGREPORT ""
#define PNETCDF_VERSION_MAJOR 1
#define PNETCDF_VERSION_MINOR 2
#define PNETCDF_VERSION_SUB 0
#define PNETCDF_VERSION_PRE 
#define PNETCDF_VERSION "1.2.0"
#define STDC_HEADERS 1
#define YYTEXT_POINTER 1
#define F77_NAME_LOWER_USCORE
#define HAVE_SYS_TYPES_H 1
#define HAVE_SYS_STAT_H 1
#define HAVE_STDLIB_H 1
#define HAVE_STRING_H 1
#define HAVE_MEMORY_H 1
#define HAVE_STRINGS_H 1
#define HAVE_INTTYPES_H 1
#define HAVE_STDINT_H 1
#define HAVE_UNISTD_H 1
#define HAVE_STDLIB_H 1
#define HAVE_SYS_TYPES_H 1
#define HAVE_ALLOCA_H 1
#define HAVE_ALLOCA 1
#define HAVE_STRUCT_STAT_ST_BLKSIZE 1
#define HAVE_ST_BLKSIZE 1
#define ENABLE_CDF5
#define HAVE_MPI_INFO_DUP 1
#define HAVE_MPI_INFO_FREE 1
#define HAVE_MPI_REQUEST_GET_STATUS 1
#define HAVE_MPI_TYPE_DUP 1
#define ENABLE_NONBLOCKING
#define HAVE_MPI_COMBINER_DUP 1
#define HAVE_MPI_COMBINER_HVECTOR_INTEGER 1
#define HAVE_MPI_COMBINER_HINDEXED_INTEGER 1
#define HAVE_MPI_COMBINER_SUBARRAY 1
#define HAVE_MPI_COMBINER_DARRAY 1
#define HAVE_MPI_COMBINER_RESIZED 1
#define HAVE_MPI_COMBINER_STRUCT_INTEGER 1
#define HAVE_MPI_COMBINER_INDEXED_BLOCK 1
#define HAVE_MPI_COMBINER_F90_REAL 1
#define HAVE_MPI_COMBINER_F90_INTEGER 1
#define HAVE_MPI_COMBINER_F90_COMPLEX 1
#define HAVE_MPI_RESIZED_SUPPORT 1
#define HAVE_MPI_CHARACTER 1
#define HAVE_MPI_REAL 1
#define HAVE_MPI_INTEGER 1
#define HAVE_MPI_DOUBLE_PRECISION 1
#define HAVE_MPI_INTEGER1 1
#define HAVE_MPI_INTEGER2 1
#define HAVE_MPI_INTEGER4 1
#define HAVE_MPI_INTEGER8 1
#define HAVE_MPI_INTEGER16 1
#define HAVE_MPI_REAL4 1
#define HAVE_MPI_REAL8 1
#define HAVE_MPI_REAL16 1
#define HAVE_MPI_COMPLEX8 1
#define HAVE_MPI_COMPLEX16 1
#define HAVE_MPI_COMPLEX32 1
#define HAVE_MPI_UB 1
#define HAVE_MPI_LB 1
#define HAVE_SSIZE_T 1
#define HAVE_PTRDIFF_T 1
#define SIZEOF_SHORT 2
#define SIZEOF_INT 4
#define SIZEOF_LONG 8
#define SIZEOF_FLOAT 4
#define SIZEOF_DOUBLE 8
#define SIZEOF_SIZE_T 8
#define SIZEOF_MPI_OFFSET 8
#define NF_INT1_T byte
#define NF_INT2_T integer*2
#define NF_INT1_IS_C_SIGNED_CHAR 1
#define NF_INT2_IS_C_SHORT 1
#define NF_INT_IS_C_INT 1
#define NF_REAL_IS_C_FLOAT 1
#define NF_DOUBLEPRECISION_IS_C_DOUBLE 1
#define NCBYTE_T byte
#define NCSHORT_T integer*2
#define SIZEOF_OFF_T 8

configure: exit 0
